2020-02-26 14:22:13.555 [main] INFO  cn.Application - Starting cn.Application on xjtdeMacBook-Pro.local with PID 75470 (/Users/fanlilin/workspace/autoApiTest/AutoApiTestDemo/api/target/classes started by fanlilin in /Users/fanlilin/workspace/autoApiTest/AutoApiTestDemo)
2020-02-26 14:22:13.560 [main] INFO  cn.Application - No active profile set, falling back to default profiles: default
2020-02-26 14:22:16.454 [main] WARN  org.springframework.boot.autoconfigure.AutoConfigurationPackages - @EnableAutoConfiguration was declared on a class in the default package. Automatic @Repository and @Entity scanning is not enabled.
2020-02-26 14:22:17.093 [main] INFO  org.springframework.context.support.PostProcessorRegistrationDelegate$BeanPostProcessorChecker - Bean 'org.springframework.transaction.annotation.ProxyTransactionManagementConfiguration' of type [org.springframework.transaction.annotation.ProxyTransactionManagementConfiguration] is not eligible for getting processed by all BeanPostProcessors (for example: not eligible for auto-proxying)
2020-02-26 14:22:17.616 [main] INFO  org.springframework.boot.web.embedded.tomcat.TomcatWebServer - Tomcat initialized with port(s): 6868 (http)
2020-02-26 14:22:17.644 [main] INFO  org.apache.coyote.http11.Http11NioProtocol - Initializing ProtocolHandler ["http-nio-6868"]
2020-02-26 14:22:17.645 [main] INFO  org.apache.catalina.core.StandardService - Starting service [Tomcat]
2020-02-26 14:22:17.645 [main] INFO  org.apache.catalina.core.StandardEngine - Starting Servlet engine: [Apache Tomcat/9.0.27]
2020-02-26 14:22:17.790 [main] INFO  org.apache.catalina.core.ContainerBase.[Tomcat].[localhost].[/] - Initializing Spring embedded WebApplicationContext
2020-02-26 14:22:17.791 [main] INFO  org.springframework.web.context.ContextLoader - Root WebApplicationContext: initialization completed in 3861 ms
2020-02-26 14:22:18.930 [main] INFO  springfox.documentation.spring.web.PropertySourcedRequestMappingHandlerMapping - Mapped URL path [/v2/api-docs] onto method [springfox.documentation.swagger2.web.Swagger2Controller#getDocumentation(String, HttpServletRequest)]
2020-02-26 14:22:19.164 [main] INFO  org.springframework.scheduling.concurrent.ThreadPoolTaskExecutor - Initializing ExecutorService 'applicationTaskExecutor'
2020-02-26 14:22:19.417 [main] INFO  org.springframework.scheduling.concurrent.ThreadPoolTaskScheduler - Initializing ExecutorService 'taskScheduler'
2020-02-26 14:22:19.470 [main] INFO  springfox.documentation.spring.web.plugins.DocumentationPluginsBootstrapper - Context refreshed
2020-02-26 14:22:19.504 [main] INFO  springfox.documentation.spring.web.plugins.DocumentationPluginsBootstrapper - Found 1 custom documentation plugin(s)
2020-02-26 14:22:19.553 [main] INFO  springfox.documentation.spring.web.scanners.ApiListingReferenceScanner - Scanning for api listing references
2020-02-26 14:22:20.051 [main] INFO  org.apache.coyote.http11.Http11NioProtocol - Starting ProtocolHandler ["http-nio-6868"]
2020-02-26 14:22:20.122 [main] INFO  org.springframework.boot.web.embedded.tomcat.TomcatWebServer - Tomcat started on port(s): 6868 (http) with context path ''
2020-02-26 14:22:20.130 [main] INFO  cn.Application - Started cn.Application in 7.808 seconds (JVM running for 9.856)
2020-02-26 14:22:37.249 [SpringContextShutdownHook] INFO  org.springframework.scheduling.concurrent.ThreadPoolTaskScheduler - Shutting down ExecutorService 'taskScheduler'
2020-02-26 14:22:37.252 [SpringContextShutdownHook] INFO  org.springframework.scheduling.concurrent.ThreadPoolTaskExecutor - Shutting down ExecutorService 'applicationTaskExecutor'
2020-02-26 14:27:07.011 [main] INFO  cn.Application - Starting Application on xjtdeMacBook-Pro.local with PID 77542 (/Users/fanlilin/workspace/autoApiTest/AutoApiTestDemo/api/target/classes started by fanlilin in /Users/fanlilin/workspace/autoApiTest/AutoApiTestDemo)
2020-02-26 14:27:07.018 [main] INFO  cn.Application - No active profile set, falling back to default profiles: default
2020-02-26 14:27:09.749 [main] WARN  org.mybatis.spring.mapper.ClassPathMapperScanner - No MyBatis mapper was found in '[cn]' package. Please check your configuration.
2020-02-26 14:27:10.415 [main] INFO  org.springframework.context.support.PostProcessorRegistrationDelegate$BeanPostProcessorChecker - Bean 'org.springframework.transaction.annotation.ProxyTransactionManagementConfiguration' of type [org.springframework.transaction.annotation.ProxyTransactionManagementConfiguration] is not eligible for getting processed by all BeanPostProcessors (for example: not eligible for auto-proxying)
2020-02-26 14:27:11.013 [main] INFO  org.springframework.boot.web.embedded.tomcat.TomcatWebServer - Tomcat initialized with port(s): 6868 (http)
2020-02-26 14:27:11.032 [main] INFO  org.apache.coyote.http11.Http11NioProtocol - Initializing ProtocolHandler ["http-nio-6868"]
2020-02-26 14:27:11.033 [main] INFO  org.apache.catalina.core.StandardService - Starting service [Tomcat]
2020-02-26 14:27:11.034 [main] INFO  org.apache.catalina.core.StandardEngine - Starting Servlet engine: [Apache Tomcat/9.0.27]
2020-02-26 14:27:11.173 [main] INFO  org.apache.catalina.core.ContainerBase.[Tomcat].[localhost].[/] - Initializing Spring embedded WebApplicationContext
2020-02-26 14:27:11.174 [main] INFO  org.springframework.web.context.ContextLoader - Root WebApplicationContext: initialization completed in 3805 ms
2020-02-26 14:27:12.283 [main] INFO  springfox.documentation.spring.web.PropertySourcedRequestMappingHandlerMapping - Mapped URL path [/v2/api-docs] onto method [springfox.documentation.swagger2.web.Swagger2Controller#getDocumentation(String, HttpServletRequest)]
2020-02-26 14:27:12.542 [main] INFO  org.springframework.scheduling.concurrent.ThreadPoolTaskExecutor - Initializing ExecutorService 'applicationTaskExecutor'
2020-02-26 14:27:12.773 [main] INFO  org.springframework.scheduling.concurrent.ThreadPoolTaskScheduler - Initializing ExecutorService 'taskScheduler'
2020-02-26 14:27:12.822 [main] INFO  springfox.documentation.spring.web.plugins.DocumentationPluginsBootstrapper - Context refreshed
2020-02-26 14:27:12.853 [main] INFO  springfox.documentation.spring.web.plugins.DocumentationPluginsBootstrapper - Found 1 custom documentation plugin(s)
2020-02-26 14:27:12.900 [main] INFO  springfox.documentation.spring.web.scanners.ApiListingReferenceScanner - Scanning for api listing references
2020-02-26 14:27:13.338 [main] INFO  org.apache.coyote.http11.Http11NioProtocol - Starting ProtocolHandler ["http-nio-6868"]
2020-02-26 14:27:13.379 [main] INFO  org.springframework.boot.web.embedded.tomcat.TomcatWebServer - Tomcat started on port(s): 6868 (http) with context path ''
2020-02-26 14:27:13.388 [main] INFO  cn.Application - Started Application in 7.844 seconds (JVM running for 9.824)
2020-02-26 14:28:12.771 [http-nio-6868-exec-2] INFO  org.apache.catalina.core.ContainerBase.[Tomcat].[localhost].[/] - Initializing Spring DispatcherServlet 'dispatcherServlet'
2020-02-26 14:28:12.778 [http-nio-6868-exec-2] INFO  org.springframework.web.servlet.DispatcherServlet - Initializing Servlet 'dispatcherServlet'
2020-02-26 14:28:12.814 [http-nio-6868-exec-2] INFO  org.springframework.web.servlet.DispatcherServlet - Completed initialization in 35 ms
2020-02-26 14:28:13.014 [http-nio-6868-exec-2] INFO  cn.api.controller.UserController - cookies为空
2020-02-26 14:32:07.939 [http-nio-6868-exec-5] INFO  cn.api.controller.UserController - cookies为空
2020-02-26 14:32:07.945 [http-nio-6868-exec-5] INFO  cn.api.controller.UserController - 新增用户失败！
2020-02-26 14:32:14.522 [http-nio-6868-exec-6] INFO  cn.api.controller.UserController - cookies为空
2020-02-26 14:32:14.523 [http-nio-6868-exec-6] INFO  cn.api.controller.UserController - 新增用户失败！
2020-02-26 14:34:32.961 [http-nio-6868-exec-9] INFO  cn.api.controller.UserController - cookies为空
2020-02-26 14:34:32.963 [http-nio-6868-exec-9] INFO  cn.api.controller.UserController - 新增用户失败！
2020-02-26 14:35:05.570 [SpringContextShutdownHook] INFO  org.springframework.scheduling.concurrent.ThreadPoolTaskScheduler - Shutting down ExecutorService 'taskScheduler'
2020-02-26 14:35:05.573 [SpringContextShutdownHook] INFO  org.springframework.scheduling.concurrent.ThreadPoolTaskExecutor - Shutting down ExecutorService 'applicationTaskExecutor'
2020-02-26 15:38:57.863 [main] INFO  cn.Application - Starting Application v1.0-SNAPSHOT on xjtdeMacBook-Pro.local with PID 7451 (/Users/fanlilin/workspace/autoApiTest/AutoApiTestDemo/api/target/api-1.0-SNAPSHOT.jar started by fanlilin in /Users/fanlilin/workspace/autoApiTest/AutoApiTestDemo/api/target)
2020-02-26 15:38:57.872 [main] INFO  cn.Application - No active profile set, falling back to default profiles: default
2020-02-26 15:38:59.508 [main] WARN  org.mybatis.spring.mapper.ClassPathMapperScanner - No MyBatis mapper was found in '[cn]' package. Please check your configuration.
2020-02-26 15:39:00.256 [main] INFO  org.springframework.context.support.PostProcessorRegistrationDelegate$BeanPostProcessorChecker - Bean 'org.springframework.transaction.annotation.ProxyTransactionManagementConfiguration' of type [org.springframework.transaction.annotation.ProxyTransactionManagementConfiguration] is not eligible for getting processed by all BeanPostProcessors (for example: not eligible for auto-proxying)
2020-02-26 15:39:00.837 [main] INFO  org.springframework.boot.web.embedded.tomcat.TomcatWebServer - Tomcat initialized with port(s): 6868 (http)
2020-02-26 15:39:00.879 [main] INFO  org.apache.coyote.http11.Http11NioProtocol - Initializing ProtocolHandler ["http-nio-6868"]
2020-02-26 15:39:00.880 [main] INFO  org.apache.catalina.core.StandardService - Starting service [Tomcat]
2020-02-26 15:39:00.881 [main] INFO  org.apache.catalina.core.StandardEngine - Starting Servlet engine: [Apache Tomcat/9.0.27]
2020-02-26 15:39:01.005 [main] INFO  org.apache.catalina.core.ContainerBase.[Tomcat].[localhost].[/] - Initializing Spring embedded WebApplicationContext
2020-02-26 15:39:01.005 [main] INFO  org.springframework.web.context.ContextLoader - Root WebApplicationContext: initialization completed in 2973 ms
2020-02-26 15:39:02.172 [main] INFO  springfox.documentation.spring.web.PropertySourcedRequestMappingHandlerMapping - Mapped URL path [/v2/api-docs] onto method [springfox.documentation.swagger2.web.Swagger2Controller#getDocumentation(String, HttpServletRequest)]
2020-02-26 15:39:02.393 [main] INFO  org.springframework.scheduling.concurrent.ThreadPoolTaskExecutor - Initializing ExecutorService 'applicationTaskExecutor'
2020-02-26 15:39:02.707 [main] INFO  org.springframework.scheduling.concurrent.ThreadPoolTaskScheduler - Initializing ExecutorService 'taskScheduler'
2020-02-26 15:39:02.783 [main] INFO  springfox.documentation.spring.web.plugins.DocumentationPluginsBootstrapper - Context refreshed
2020-02-26 15:39:02.859 [main] INFO  springfox.documentation.spring.web.plugins.DocumentationPluginsBootstrapper - Found 1 custom documentation plugin(s)
2020-02-26 15:39:02.939 [main] INFO  springfox.documentation.spring.web.scanners.ApiListingReferenceScanner - Scanning for api listing references
2020-02-26 15:39:03.494 [main] INFO  org.apache.coyote.http11.Http11NioProtocol - Starting ProtocolHandler ["http-nio-6868"]
2020-02-26 15:39:03.561 [main] INFO  org.springframework.boot.web.embedded.tomcat.TomcatWebServer - Tomcat started on port(s): 6868 (http) with context path ''
2020-02-26 15:39:03.571 [main] INFO  cn.Application - Started Application in 6.906 seconds (JVM running for 8.147)
2020-02-26 15:39:11.511 [SpringContextShutdownHook] INFO  org.springframework.scheduling.concurrent.ThreadPoolTaskScheduler - Shutting down ExecutorService 'taskScheduler'
2020-02-26 15:39:11.513 [SpringContextShutdownHook] INFO  org.springframework.scheduling.concurrent.ThreadPoolTaskExecutor - Shutting down ExecutorService 'applicationTaskExecutor'
2020-02-26 15:40:39.820 [main] INFO  cn.Application - Starting Application on xjtdeMacBook-Pro.local with PID 8164 (/Users/fanlilin/workspace/autoApiTest/AutoApiTestDemo/api/target/classes started by fanlilin in /Users/fanlilin/workspace/autoApiTest/AutoApiTestDemo)
2020-02-26 15:40:39.827 [main] INFO  cn.Application - No active profile set, falling back to default profiles: default
2020-02-26 15:40:42.752 [main] WARN  org.mybatis.spring.mapper.ClassPathMapperScanner - No MyBatis mapper was found in '[cn]' package. Please check your configuration.
2020-02-26 15:40:44.108 [main] INFO  org.springframework.context.support.PostProcessorRegistrationDelegate$BeanPostProcessorChecker - Bean 'org.springframework.transaction.annotation.ProxyTransactionManagementConfiguration' of type [org.springframework.transaction.annotation.ProxyTransactionManagementConfiguration] is not eligible for getting processed by all BeanPostProcessors (for example: not eligible for auto-proxying)
2020-02-26 15:40:44.947 [main] INFO  org.springframework.boot.web.embedded.tomcat.TomcatWebServer - Tomcat initialized with port(s): 6868 (http)
2020-02-26 15:40:44.982 [main] INFO  org.apache.coyote.http11.Http11NioProtocol - Initializing ProtocolHandler ["http-nio-6868"]
2020-02-26 15:40:44.984 [main] INFO  org.apache.catalina.core.StandardService - Starting service [Tomcat]
2020-02-26 15:40:44.985 [main] INFO  org.apache.catalina.core.StandardEngine - Starting Servlet engine: [Apache Tomcat/9.0.27]
2020-02-26 15:40:45.315 [main] INFO  org.apache.catalina.core.ContainerBase.[Tomcat].[localhost].[/] - Initializing Spring embedded WebApplicationContext
2020-02-26 15:40:45.316 [main] INFO  org.springframework.web.context.ContextLoader - Root WebApplicationContext: initialization completed in 5320 ms
2020-02-26 15:40:48.089 [main] INFO  springfox.documentation.spring.web.PropertySourcedRequestMappingHandlerMapping - Mapped URL path [/v2/api-docs] onto method [springfox.documentation.swagger2.web.Swagger2Controller#getDocumentation(String, HttpServletRequest)]
2020-02-26 15:40:48.572 [main] INFO  org.springframework.scheduling.concurrent.ThreadPoolTaskExecutor - Initializing ExecutorService 'applicationTaskExecutor'
2020-02-26 15:40:49.332 [main] INFO  org.springframework.scheduling.concurrent.ThreadPoolTaskScheduler - Initializing ExecutorService 'taskScheduler'
2020-02-26 15:40:49.457 [main] INFO  springfox.documentation.spring.web.plugins.DocumentationPluginsBootstrapper - Context refreshed
2020-02-26 15:40:49.512 [main] INFO  springfox.documentation.spring.web.plugins.DocumentationPluginsBootstrapper - Found 1 custom documentation plugin(s)
2020-02-26 15:40:49.597 [main] INFO  springfox.documentation.spring.web.scanners.ApiListingReferenceScanner - Scanning for api listing references
2020-02-26 15:40:50.321 [main] INFO  org.apache.coyote.http11.Http11NioProtocol - Starting ProtocolHandler ["http-nio-6868"]
2020-02-26 15:40:50.368 [main] INFO  org.springframework.boot.web.embedded.tomcat.TomcatWebServer - Tomcat started on port(s): 6868 (http) with context path ''
2020-02-26 15:40:50.376 [main] INFO  cn.Application - Started Application in 12.965 seconds (JVM running for 15.5)
2020-02-26 15:40:53.871 [SpringContextShutdownHook] INFO  org.springframework.scheduling.concurrent.ThreadPoolTaskScheduler - Shutting down ExecutorService 'taskScheduler'
2020-02-26 15:40:53.893 [SpringContextShutdownHook] INFO  org.springframework.scheduling.concurrent.ThreadPoolTaskExecutor - Shutting down ExecutorService 'applicationTaskExecutor'
2020-02-26 16:03:13.776 [main] INFO  cn.Application - Starting Application on xjtdeMacBook-Pro.local with PID 17600 (/Users/fanlilin/workspace/autoApiTest/AutoApiTestDemo/api/target/classes started by fanlilin in /Users/fanlilin/workspace/autoApiTest/AutoApiTestDemo)
2020-02-26 16:03:13.793 [main] INFO  cn.Application - No active profile set, falling back to default profiles: default
2020-02-26 16:03:15.727 [main] WARN  org.mybatis.spring.mapper.ClassPathMapperScanner - No MyBatis mapper was found in '[cn]' package. Please check your configuration.
2020-02-26 16:03:16.614 [main] INFO  org.springframework.context.support.PostProcessorRegistrationDelegate$BeanPostProcessorChecker - Bean 'org.springframework.transaction.annotation.ProxyTransactionManagementConfiguration' of type [org.springframework.transaction.annotation.ProxyTransactionManagementConfiguration] is not eligible for getting processed by all BeanPostProcessors (for example: not eligible for auto-proxying)
2020-02-26 16:03:17.337 [main] INFO  org.springframework.boot.web.embedded.tomcat.TomcatWebServer - Tomcat initialized with port(s): 6868 (http)
2020-02-26 16:03:17.357 [main] INFO  org.apache.coyote.http11.Http11NioProtocol - Initializing ProtocolHandler ["http-nio-6868"]
2020-02-26 16:03:17.359 [main] INFO  org.apache.catalina.core.StandardService - Starting service [Tomcat]
2020-02-26 16:03:17.359 [main] INFO  org.apache.catalina.core.StandardEngine - Starting Servlet engine: [Apache Tomcat/9.0.27]
2020-02-26 16:03:17.760 [main] INFO  org.apache.catalina.core.ContainerBase.[Tomcat].[localhost].[/] - Initializing Spring embedded WebApplicationContext
2020-02-26 16:03:17.761 [main] INFO  org.springframework.web.context.ContextLoader - Root WebApplicationContext: initialization completed in 3827 ms
2020-02-26 16:03:19.253 [main] INFO  springfox.documentation.spring.web.PropertySourcedRequestMappingHandlerMapping - Mapped URL path [/v2/api-docs] onto method [springfox.documentation.swagger2.web.Swagger2Controller#getDocumentation(String, HttpServletRequest)]
2020-02-26 16:03:19.456 [main] INFO  org.springframework.scheduling.concurrent.ThreadPoolTaskExecutor - Initializing ExecutorService 'applicationTaskExecutor'
2020-02-26 16:03:19.793 [main] INFO  org.springframework.scheduling.concurrent.ThreadPoolTaskScheduler - Initializing ExecutorService 'taskScheduler'
2020-02-26 16:03:19.847 [main] INFO  springfox.documentation.spring.web.plugins.DocumentationPluginsBootstrapper - Context refreshed
2020-02-26 16:03:19.882 [main] INFO  springfox.documentation.spring.web.plugins.DocumentationPluginsBootstrapper - Found 1 custom documentation plugin(s)
2020-02-26 16:03:19.940 [main] INFO  springfox.documentation.spring.web.scanners.ApiListingReferenceScanner - Scanning for api listing references
2020-02-26 16:03:20.874 [main] INFO  org.apache.coyote.http11.Http11NioProtocol - Starting ProtocolHandler ["http-nio-6868"]
2020-02-26 16:03:20.958 [main] INFO  org.springframework.boot.web.embedded.tomcat.TomcatWebServer - Tomcat started on port(s): 6868 (http) with context path ''
2020-02-26 16:03:20.974 [main] INFO  cn.Application - Started Application in 8.806 seconds (JVM running for 11.947)
2020-02-26 16:03:43.930 [http-nio-6868-exec-1] INFO  org.apache.catalina.core.ContainerBase.[Tomcat].[localhost].[/] - Initializing Spring DispatcherServlet 'dispatcherServlet'
2020-02-26 16:03:43.937 [http-nio-6868-exec-1] INFO  org.springframework.web.servlet.DispatcherServlet - Initializing Servlet 'dispatcherServlet'
2020-02-26 16:03:43.991 [http-nio-6868-exec-1] INFO  org.springframework.web.servlet.DispatcherServlet - Completed initialization in 52 ms
2020-02-26 16:03:44.195 [http-nio-6868-exec-1] INFO  com.zaxxer.hikari.HikariDataSource - HikariPool-1 - Starting...
2020-02-26 16:03:45.093 [http-nio-6868-exec-1] INFO  com.zaxxer.hikari.HikariDataSource - HikariPool-1 - Start completed.
2020-02-26 16:03:45.255 [http-nio-6868-exec-1] INFO  cn.api.controller.UserController - 可查询到当前用户名:彭于晏
2020-02-26 16:03:45.479 [http-nio-6868-exec-2] INFO  cn.api.controller.UserController - cookies验证通过
2020-02-26 16:03:45.508 [http-nio-6868-exec-2] INFO  cn.api.controller.UserController - 新增用户：李燃成功！
2020-02-26 16:03:48.668 [http-nio-6868-exec-3] INFO  cn.api.controller.UserController - cookies验证通过
2020-02-26 16:03:48.725 [http-nio-6868-exec-3] INFO  cn.api.controller.UserController - 更新成功，更新数据为1条
2020-02-26 16:03:48.929 [http-nio-6868-exec-4] INFO  cn.api.controller.UserController - cookies验证通过
2020-02-26 16:03:48.934 [http-nio-6868-exec-4] INFO  cn.api.controller.UserController - 可查询到1个用户
2020-02-26 16:03:49.152 [http-nio-6868-exec-5] INFO  cn.api.controller.UserController - cookies验证通过
2020-02-26 16:03:49.156 [http-nio-6868-exec-5] INFO  cn.api.controller.UserController - 可查询到2个用户
2020-02-26 16:08:34.551 [http-nio-6868-exec-7] INFO  cn.api.controller.UserController - 可查询到当前用户名:彭于晏
2020-02-26 16:08:34.809 [http-nio-6868-exec-8] INFO  cn.api.controller.UserController - cookies验证通过
2020-02-26 16:08:34.818 [http-nio-6868-exec-8] INFO  cn.api.controller.UserController - 新增用户：王刚成功！
2020-02-26 16:08:37.955 [http-nio-6868-exec-9] INFO  cn.api.controller.UserController - cookies验证通过
2020-02-26 16:08:37.973 [http-nio-6868-exec-9] INFO  cn.api.controller.UserController - 更新成功，更新数据为1条
2020-02-26 16:08:38.230 [http-nio-6868-exec-10] INFO  cn.api.controller.UserController - cookies验证通过
2020-02-26 16:08:38.245 [http-nio-6868-exec-10] INFO  cn.api.controller.UserController - 可查询到1个用户
2020-02-26 16:08:38.512 [http-nio-6868-exec-1] INFO  cn.api.controller.UserController - cookies验证通过
2020-02-26 16:08:38.518 [http-nio-6868-exec-1] INFO  cn.api.controller.UserController - 可查询到2个用户
2020-02-26 16:25:34.251 [http-nio-6868-exec-3] INFO  cn.api.controller.UserController - 可查询到当前用户名:彭于晏
2020-02-26 16:25:34.474 [http-nio-6868-exec-4] INFO  cn.api.controller.UserController - cookies验证通过
2020-02-26 16:25:34.482 [http-nio-6868-exec-4] INFO  cn.api.controller.UserController - 新增用户：沈珍珠成功！
2020-02-26 16:25:37.603 [http-nio-6868-exec-5] INFO  cn.api.controller.UserController - cookies验证通过
2020-02-26 16:25:37.613 [http-nio-6868-exec-5] INFO  cn.api.controller.UserController - 更新成功，更新数据为1条
2020-02-26 16:25:37.797 [http-nio-6868-exec-6] INFO  cn.api.controller.UserController - cookies验证通过
2020-02-26 16:25:37.805 [http-nio-6868-exec-6] INFO  cn.api.controller.UserController - 可查询到1个用户
2020-02-26 16:25:37.995 [http-nio-6868-exec-7] INFO  cn.api.controller.UserController - cookies验证通过
2020-02-26 16:25:38.005 [http-nio-6868-exec-7] INFO  cn.api.controller.UserController - 可查询到2个用户
2020-02-26 16:38:34.277 [http-nio-6868-exec-9] INFO  cn.api.controller.UserController - 可查询到当前用户名:彭于晏
2020-02-26 16:38:34.521 [http-nio-6868-exec-10] INFO  cn.api.controller.UserController - cookies验证通过
2020-02-26 16:38:34.531 [http-nio-6868-exec-10] INFO  cn.api.controller.UserController - 新增用户：李燃成功！
2020-02-26 16:38:37.612 [http-nio-6868-exec-1] INFO  cn.api.controller.UserController - cookies验证通过
2020-02-26 16:38:37.625 [http-nio-6868-exec-1] INFO  cn.api.controller.UserController - 更新成功，更新数据为1条
2020-02-26 16:38:37.740 [http-nio-6868-exec-2] INFO  cn.api.controller.UserController - cookies验证通过
2020-02-26 16:38:37.743 [http-nio-6868-exec-2] INFO  cn.api.controller.UserController - 可查询到1个用户
2020-02-26 16:38:37.927 [http-nio-6868-exec-3] INFO  cn.api.controller.UserController - cookies验证通过
2020-02-26 16:38:37.931 [http-nio-6868-exec-3] INFO  cn.api.controller.UserController - 可查询到2个用户
