2020-03-10 10:32:10.340 [main] INFO  cn.Application - Starting Application on xjtdeMBP.lan with PID 88125 (/Users/fanlilin/workspace/autoApiTest/AutoApiTestDemo/api/target/classes started by fanlilin in /Users/fanlilin/workspace/autoApiTest/AutoApiTestDemo)
2020-03-10 10:32:10.385 [main] INFO  cn.Application - No active profile set, falling back to default profiles: default
2020-03-10 10:32:12.832 [main] WARN  org.mybatis.spring.mapper.ClassPathMapperScanner - No MyBatis mapper was found in '[cn]' package. Please check your configuration.
2020-03-10 10:32:13.500 [main] INFO  org.springframework.context.support.PostProcessorRegistrationDelegate$BeanPostProcessorChecker - Bean 'org.springframework.transaction.annotation.ProxyTransactionManagementConfiguration' of type [org.springframework.transaction.annotation.ProxyTransactionManagementConfiguration] is not eligible for getting processed by all BeanPostProcessors (for example: not eligible for auto-proxying)
2020-03-10 10:32:14.049 [main] INFO  org.springframework.boot.web.embedded.tomcat.TomcatWebServer - Tomcat initialized with port(s): 6868 (http)
2020-03-10 10:32:14.069 [main] INFO  org.apache.coyote.http11.Http11NioProtocol - Initializing ProtocolHandler ["http-nio-6868"]
2020-03-10 10:32:14.070 [main] INFO  org.apache.catalina.core.StandardService - Starting service [Tomcat]
2020-03-10 10:32:14.070 [main] INFO  org.apache.catalina.core.StandardEngine - Starting Servlet engine: [Apache Tomcat/9.0.27]
2020-03-10 10:32:14.242 [main] INFO  org.apache.catalina.core.ContainerBase.[Tomcat].[localhost].[/] - Initializing Spring embedded WebApplicationContext
2020-03-10 10:32:14.243 [main] INFO  org.springframework.web.context.ContextLoader - Root WebApplicationContext: initialization completed in 3674 ms
2020-03-10 10:32:15.409 [main] INFO  springfox.documentation.spring.web.PropertySourcedRequestMappingHandlerMapping - Mapped URL path [/v2/api-docs] onto method [springfox.documentation.swagger2.web.Swagger2Controller#getDocumentation(String, HttpServletRequest)]
2020-03-10 10:32:15.584 [main] INFO  org.springframework.scheduling.concurrent.ThreadPoolTaskExecutor - Initializing ExecutorService 'applicationTaskExecutor'
2020-03-10 10:32:15.828 [main] INFO  org.springframework.scheduling.concurrent.ThreadPoolTaskScheduler - Initializing ExecutorService 'taskScheduler'
2020-03-10 10:32:15.871 [main] INFO  springfox.documentation.spring.web.plugins.DocumentationPluginsBootstrapper - Context refreshed
2020-03-10 10:32:15.898 [main] INFO  springfox.documentation.spring.web.plugins.DocumentationPluginsBootstrapper - Found 1 custom documentation plugin(s)
2020-03-10 10:32:15.942 [main] INFO  springfox.documentation.spring.web.scanners.ApiListingReferenceScanner - Scanning for api listing references
2020-03-10 10:32:16.391 [main] INFO  org.apache.coyote.http11.Http11NioProtocol - Starting ProtocolHandler ["http-nio-6868"]
2020-03-10 10:32:16.443 [main] INFO  org.springframework.boot.web.embedded.tomcat.TomcatWebServer - Tomcat started on port(s): 6868 (http) with context path ''
2020-03-10 10:32:16.451 [main] INFO  cn.Application - Started Application in 7.564 seconds (JVM running for 9.68)
2020-03-10 10:32:50.952 [http-nio-6868-exec-1] INFO  org.apache.catalina.core.ContainerBase.[Tomcat].[localhost].[/] - Initializing Spring DispatcherServlet 'dispatcherServlet'
2020-03-10 10:32:50.954 [http-nio-6868-exec-1] INFO  org.springframework.web.servlet.DispatcherServlet - Initializing Servlet 'dispatcherServlet'
2020-03-10 10:32:50.968 [http-nio-6868-exec-1] INFO  org.springframework.web.servlet.DispatcherServlet - Completed initialization in 14 ms
2020-03-10 10:32:51.177 [http-nio-6868-exec-1] INFO  com.zaxxer.hikari.HikariDataSource - HikariPool-1 - Starting...
2020-03-10 10:32:51.867 [http-nio-6868-exec-1] INFO  com.zaxxer.hikari.HikariDataSource - HikariPool-1 - Start completed.
2020-03-10 10:39:30.220 [http-nio-6868-exec-5] INFO  cn.api.controller.UserController - 可查询到当前用户名:李燃
2020-03-10 10:39:30.628 [http-nio-6868-exec-6] INFO  cn.api.controller.UserController - 可查询到当前用户名:彭于晏
2020-03-10 10:39:30.961 [http-nio-6868-exec-7] INFO  cn.api.controller.UserController - 可查询到当前用户名:任嘉伦
2020-03-10 12:01:49.276 [HikariPool-1 housekeeper] WARN  com.zaxxer.hikari.pool.HikariPool - HikariPool-1 - Thread starvation or clock leap detected (housekeeper delta=10m26s508ms).
2020-03-10 12:42:49.128 [HikariPool-1 housekeeper] WARN  com.zaxxer.hikari.pool.HikariPool - HikariPool-1 - Thread starvation or clock leap detected (housekeeper delta=17m29s466ms).
2020-03-10 13:03:05.526 [HikariPool-1 housekeeper] WARN  com.zaxxer.hikari.pool.HikariPool - HikariPool-1 - Thread starvation or clock leap detected (housekeeper delta=19m46s140ms).
2020-03-10 14:22:15.999 [SpringContextShutdownHook] INFO  org.springframework.scheduling.concurrent.ThreadPoolTaskScheduler - Shutting down ExecutorService 'taskScheduler'
2020-03-10 14:22:16.021 [SpringContextShutdownHook] INFO  org.springframework.scheduling.concurrent.ThreadPoolTaskExecutor - Shutting down ExecutorService 'applicationTaskExecutor'
2020-03-10 14:22:16.064 [SpringContextShutdownHook] INFO  com.zaxxer.hikari.HikariDataSource - HikariPool-1 - Shutdown initiated...
2020-03-10 14:22:16.124 [SpringContextShutdownHook] INFO  com.zaxxer.hikari.HikariDataSource - HikariPool-1 - Shutdown completed.
2020-03-10 14:22:32.129 [main] INFO  cn.Application - Starting Application on xjtdeMBP.lan with PID 86688 (/Users/fanlilin/workspace/autoApiTest/AutoApiTestDemo/api/target/classes started by fanlilin in /Users/fanlilin/workspace/autoApiTest/AutoApiTestDemo)
2020-03-10 14:22:32.141 [main] INFO  cn.Application - No active profile set, falling back to default profiles: default
2020-03-10 14:22:34.563 [main] WARN  org.mybatis.spring.mapper.ClassPathMapperScanner - No MyBatis mapper was found in '[cn]' package. Please check your configuration.
2020-03-10 14:22:35.146 [main] INFO  org.springframework.context.support.PostProcessorRegistrationDelegate$BeanPostProcessorChecker - Bean 'org.springframework.transaction.annotation.ProxyTransactionManagementConfiguration' of type [org.springframework.transaction.annotation.ProxyTransactionManagementConfiguration] is not eligible for getting processed by all BeanPostProcessors (for example: not eligible for auto-proxying)
2020-03-10 14:22:35.670 [main] INFO  org.springframework.boot.web.embedded.tomcat.TomcatWebServer - Tomcat initialized with port(s): 6868 (http)
2020-03-10 14:22:35.694 [main] INFO  org.apache.coyote.http11.Http11NioProtocol - Initializing ProtocolHandler ["http-nio-6868"]
2020-03-10 14:22:35.695 [main] INFO  org.apache.catalina.core.StandardService - Starting service [Tomcat]
2020-03-10 14:22:35.696 [main] INFO  org.apache.catalina.core.StandardEngine - Starting Servlet engine: [Apache Tomcat/9.0.27]
2020-03-10 14:22:35.826 [main] INFO  org.apache.catalina.core.ContainerBase.[Tomcat].[localhost].[/] - Initializing Spring embedded WebApplicationContext
2020-03-10 14:22:35.826 [main] INFO  org.springframework.web.context.ContextLoader - Root WebApplicationContext: initialization completed in 3495 ms
2020-03-10 14:22:36.798 [main] INFO  springfox.documentation.spring.web.PropertySourcedRequestMappingHandlerMapping - Mapped URL path [/v2/api-docs] onto method [springfox.documentation.swagger2.web.Swagger2Controller#getDocumentation(String, HttpServletRequest)]
2020-03-10 14:22:36.947 [main] INFO  org.springframework.scheduling.concurrent.ThreadPoolTaskExecutor - Initializing ExecutorService 'applicationTaskExecutor'
2020-03-10 14:22:37.152 [main] INFO  org.springframework.scheduling.concurrent.ThreadPoolTaskScheduler - Initializing ExecutorService 'taskScheduler'
2020-03-10 14:22:37.203 [main] INFO  springfox.documentation.spring.web.plugins.DocumentationPluginsBootstrapper - Context refreshed
2020-03-10 14:22:37.234 [main] INFO  springfox.documentation.spring.web.plugins.DocumentationPluginsBootstrapper - Found 1 custom documentation plugin(s)
2020-03-10 14:22:37.275 [main] INFO  springfox.documentation.spring.web.scanners.ApiListingReferenceScanner - Scanning for api listing references
2020-03-10 14:22:37.667 [main] INFO  org.apache.coyote.http11.Http11NioProtocol - Starting ProtocolHandler ["http-nio-6868"]
2020-03-10 14:22:37.706 [main] INFO  org.springframework.boot.web.embedded.tomcat.TomcatWebServer - Tomcat started on port(s): 6868 (http) with context path ''
2020-03-10 14:22:37.712 [main] INFO  cn.Application - Started Application in 6.732 seconds (JVM running for 8.698)
2020-03-10 20:38:26.442 [SpringContextShutdownHook] INFO  org.springframework.scheduling.concurrent.ThreadPoolTaskScheduler - Shutting down ExecutorService 'taskScheduler'
2020-03-10 20:38:26.508 [SpringContextShutdownHook] INFO  org.springframework.scheduling.concurrent.ThreadPoolTaskExecutor - Shutting down ExecutorService 'applicationTaskExecutor'
