2020-03-21 13:37:24.982 [main] INFO  cn.Application - Starting Application on xjtdeMBP.lan with PID 15987 (/Users/fanlilin/workspace/autoApiTest/AutoApiTestDemo/api/target/classes started by fanlilin in /Users/fanlilin/workspace/autoApiTest/AutoApiTestDemo)
2020-03-21 13:37:24.988 [main] INFO  cn.Application - The following profiles are active: test
2020-03-21 13:37:27.402 [main] WARN  org.mybatis.spring.mapper.ClassPathMapperScanner - No MyBatis mapper was found in '[cn]' package. Please check your configuration.
2020-03-21 13:37:28.396 [main] INFO  org.springframework.context.support.PostProcessorRegistrationDelegate$BeanPostProcessorChecker - Bean 'org.springframework.transaction.annotation.ProxyTransactionManagementConfiguration' of type [org.springframework.transaction.annotation.ProxyTransactionManagementConfiguration] is not eligible for getting processed by all BeanPostProcessors (for example: not eligible for auto-proxying)
2020-03-21 13:37:29.065 [main] INFO  org.springframework.boot.web.embedded.tomcat.TomcatWebServer - Tomcat initialized with port(s): 6868 (http)
2020-03-21 13:37:29.087 [main] INFO  org.apache.coyote.http11.Http11NioProtocol - Initializing ProtocolHandler ["http-nio-6868"]
2020-03-21 13:37:29.088 [main] INFO  org.apache.catalina.core.StandardService - Starting service [Tomcat]
2020-03-21 13:37:29.089 [main] INFO  org.apache.catalina.core.StandardEngine - Starting Servlet engine: [Apache Tomcat/9.0.27]
2020-03-21 13:37:29.241 [main] INFO  org.apache.catalina.core.ContainerBase.[Tomcat].[localhost].[/] - Initializing Spring embedded WebApplicationContext
2020-03-21 13:37:29.242 [main] INFO  org.springframework.web.context.ContextLoader - Root WebApplicationContext: initialization completed in 4079 ms
2020-03-21 13:37:30.246 [main] INFO  springfox.documentation.spring.web.PropertySourcedRequestMappingHandlerMapping - Mapped URL path [/v2/api-docs] onto method [springfox.documentation.swagger2.web.Swagger2Controller#getDocumentation(String, HttpServletRequest)]
2020-03-21 13:37:30.477 [main] INFO  org.springframework.scheduling.concurrent.ThreadPoolTaskExecutor - Initializing ExecutorService 'applicationTaskExecutor'
2020-03-21 13:37:30.668 [main] INFO  org.springframework.scheduling.concurrent.ThreadPoolTaskScheduler - Initializing ExecutorService 'taskScheduler'
2020-03-21 13:37:30.755 [main] INFO  springfox.documentation.spring.web.plugins.DocumentationPluginsBootstrapper - Context refreshed
2020-03-21 13:37:30.787 [main] INFO  springfox.documentation.spring.web.plugins.DocumentationPluginsBootstrapper - Found 1 custom documentation plugin(s)
2020-03-21 13:37:30.842 [main] INFO  springfox.documentation.spring.web.scanners.ApiListingReferenceScanner - Scanning for api listing references
2020-03-21 13:37:31.435 [main] INFO  org.apache.coyote.http11.Http11NioProtocol - Starting ProtocolHandler ["http-nio-6868"]
2020-03-21 13:37:31.486 [main] INFO  org.springframework.boot.web.embedded.tomcat.TomcatWebServer - Tomcat started on port(s): 6868 (http) with context path ''
2020-03-21 13:37:31.496 [main] INFO  cn.Application - Started Application in 8.191 seconds (JVM running for 10.833)
2020-03-21 13:37:59.617 [http-nio-6868-exec-1] INFO  org.apache.catalina.core.ContainerBase.[Tomcat].[localhost].[/] - Initializing Spring DispatcherServlet 'dispatcherServlet'
2020-03-21 13:37:59.618 [http-nio-6868-exec-1] INFO  org.springframework.web.servlet.DispatcherServlet - Initializing Servlet 'dispatcherServlet'
2020-03-21 13:37:59.631 [http-nio-6868-exec-1] INFO  org.springframework.web.servlet.DispatcherServlet - Completed initialization in 12 ms
2020-03-21 13:37:59.776 [http-nio-6868-exec-1] INFO  com.zaxxer.hikari.HikariDataSource - HikariPool-1 - Starting...
2020-03-21 13:38:00.534 [http-nio-6868-exec-1] INFO  com.zaxxer.hikari.HikariDataSource - HikariPool-1 - Start completed.
2020-03-21 13:38:01.239 [http-nio-6868-exec-2] INFO  cn.api.controller.UserController - 可查询到当前用户名:彭于晏
2020-03-21 13:38:01.325 [http-nio-6868-exec-3] INFO  cn.api.controller.UserController - 可查询到当前用户名:任嘉伦
2020-03-21 13:38:01.585 [http-nio-6868-exec-5] INFO  cn.api.controller.UserController - cookies验证通过
2020-03-21 13:38:01.623 [http-nio-6868-exec-5] INFO  cn.api.controller.UserController - 新增用户：李敖成功！
2020-03-21 13:38:01.660 [http-nio-6868-exec-6] INFO  cn.api.controller.UserController - cookies验证通过
2020-03-21 13:38:01.696 [http-nio-6868-exec-6] INFO  cn.api.controller.UserController - 新增用户：李敖成功！
2020-03-21 13:38:04.890 [http-nio-6868-exec-7] INFO  cn.api.controller.UserController - cookies验证通过
2020-03-21 13:38:04.980 [http-nio-6868-exec-7] INFO  cn.api.controller.UserController - 更新成功，更新数据为1条
2020-03-21 13:38:05.651 [http-nio-6868-exec-8] INFO  cn.api.controller.UserController - cookies验证通过
2020-03-21 13:38:05.685 [http-nio-6868-exec-8] INFO  cn.api.controller.UserController - 可查询到1个用户
2020-03-21 13:38:06.300 [http-nio-6868-exec-9] INFO  cn.api.controller.UserController - cookies验证通过
2020-03-21 13:38:06.329 [http-nio-6868-exec-9] INFO  cn.api.controller.UserController - 可查询到1个用户
2020-03-21 13:42:00.726 [http-nio-6868-exec-2] INFO  cn.api.controller.UserController - 可查询到当前用户名:彭于晏
2020-03-21 13:42:00.870 [http-nio-6868-exec-3] INFO  cn.api.controller.UserController - 可查询到当前用户名:任嘉伦
2020-03-21 13:42:01.081 [http-nio-6868-exec-5] INFO  cn.api.controller.UserController - cookies验证通过
2020-03-21 13:42:01.118 [http-nio-6868-exec-5] INFO  cn.api.controller.UserController - 新增用户：李敖成功！
2020-03-21 13:42:01.147 [http-nio-6868-exec-6] INFO  cn.api.controller.UserController - cookies验证通过
2020-03-21 13:42:01.184 [http-nio-6868-exec-6] INFO  cn.api.controller.UserController - 新增用户：李敖成功！
2020-03-21 13:42:02.495 [http-nio-6868-exec-7] INFO  cn.api.controller.UserController - cookies验证通过
2020-03-21 13:42:02.540 [http-nio-6868-exec-7] INFO  cn.api.controller.UserController - 更新成功，更新数据为1条
2020-03-21 13:42:02.854 [http-nio-6868-exec-8] INFO  cn.api.controller.UserController - cookies验证通过
2020-03-21 13:42:02.869 [http-nio-6868-exec-8] INFO  cn.api.controller.UserController - 可查询到1个用户
2020-03-21 13:42:03.348 [http-nio-6868-exec-9] INFO  cn.api.controller.UserController - cookies验证通过
2020-03-21 13:42:03.365 [http-nio-6868-exec-9] INFO  cn.api.controller.UserController - 可查询到1个用户
2020-03-21 13:46:59.731 [http-nio-6868-exec-2] INFO  cn.api.controller.UserController - 可查询到当前用户名:彭于晏
2020-03-21 13:46:59.836 [http-nio-6868-exec-3] INFO  cn.api.controller.UserController - 可查询到当前用户名:任嘉伦
2020-03-21 13:47:00.004 [http-nio-6868-exec-5] INFO  cn.api.controller.UserController - cookies验证通过
2020-03-21 13:47:00.517 [http-nio-6868-exec-5] ERROR org.apache.catalina.core.ContainerBase.[Tomcat].[localhost].[/].[dispatcherServlet] - Servlet.service() for servlet [dispatcherServlet] in context with path [] threw exception [Request processing failed; nested exception is org.springframework.dao.DuplicateKeyException: 
### Error updating database.  Cause: java.sql.SQLIntegrityConstraintViolationException: Duplicate entry '20' for key 'user.PRIMARY'
### The error may exist in file [/Users/fanlilin/workspace/autoApiTest/AutoApiTestDemo/api/target/classes/mapper/mysql.xml]
### The error may involve cn.api.bean.addUser-Inline
### The error occurred while setting parameters
### SQL: insert into apiTest.user(id,username,password,email,create_time)             values (?,?,?,?,?);
### Cause: java.sql.SQLIntegrityConstraintViolationException: Duplicate entry '20' for key 'user.PRIMARY'
; Duplicate entry '20' for key 'user.PRIMARY'; nested exception is java.sql.SQLIntegrityConstraintViolationException: Duplicate entry '20' for key 'user.PRIMARY'] with root cause
java.sql.SQLIntegrityConstraintViolationException: Duplicate entry '20' for key 'user.PRIMARY'
	at com.mysql.cj.jdbc.exceptions.SQLError.createSQLException(SQLError.java:117)
	at com.mysql.cj.jdbc.exceptions.SQLError.createSQLException(SQLError.java:97)
	at com.mysql.cj.jdbc.exceptions.SQLExceptionsMapping.translateException(SQLExceptionsMapping.java:122)
	at com.mysql.cj.jdbc.ClientPreparedStatement.executeInternal(ClientPreparedStatement.java:955)
	at com.mysql.cj.jdbc.ClientPreparedStatement.execute(ClientPreparedStatement.java:372)
	at com.zaxxer.hikari.pool.ProxyPreparedStatement.execute(ProxyPreparedStatement.java:44)
	at com.zaxxer.hikari.pool.HikariProxyPreparedStatement.execute(HikariProxyPreparedStatement.java)
	at org.apache.ibatis.executor.statement.PreparedStatementHandler.update(PreparedStatementHandler.java:47)
	at org.apache.ibatis.executor.statement.RoutingStatementHandler.update(RoutingStatementHandler.java:74)
	at org.apache.ibatis.executor.SimpleExecutor.doUpdate(SimpleExecutor.java:50)
	at org.apache.ibatis.executor.BaseExecutor.update(BaseExecutor.java:117)
	at org.apache.ibatis.executor.CachingExecutor.update(CachingExecutor.java:76)
	at org.apache.ibatis.session.defaults.DefaultSqlSession.update(DefaultSqlSession.java:197)
	at org.apache.ibatis.session.defaults.DefaultSqlSession.insert(DefaultSqlSession.java:184)
	at java.base/jdk.internal.reflect.NativeMethodAccessorImpl.invoke0(Native Method)
	at java.base/jdk.internal.reflect.NativeMethodAccessorImpl.invoke(NativeMethodAccessorImpl.java:62)
	at java.base/jdk.internal.reflect.DelegatingMethodAccessorImpl.invoke(DelegatingMethodAccessorImpl.java:43)
	at java.base/java.lang.reflect.Method.invoke(Method.java:564)
	at org.mybatis.spring.SqlSessionTemplate$SqlSessionInterceptor.invoke(SqlSessionTemplate.java:433)
	at com.sun.proxy.$Proxy76.insert(Unknown Source)
	at org.mybatis.spring.SqlSessionTemplate.insert(SqlSessionTemplate.java:278)
	at cn.api.controller.UserController.addUser(UserController.java:55)
	at java.base/jdk.internal.reflect.NativeMethodAccessorImpl.invoke0(Native Method)
	at java.base/jdk.internal.reflect.NativeMethodAccessorImpl.invoke(NativeMethodAccessorImpl.java:62)
	at java.base/jdk.internal.reflect.DelegatingMethodAccessorImpl.invoke(DelegatingMethodAccessorImpl.java:43)
	at java.base/java.lang.reflect.Method.invoke(Method.java:564)
	at org.springframework.web.method.support.InvocableHandlerMethod.doInvoke(InvocableHandlerMethod.java:190)
	at org.springframework.web.method.support.InvocableHandlerMethod.invokeForRequest(InvocableHandlerMethod.java:138)
	at org.springframework.web.servlet.mvc.method.annotation.ServletInvocableHandlerMethod.invokeAndHandle(ServletInvocableHandlerMethod.java:106)
	at org.springframework.web.servlet.mvc.method.annotation.RequestMappingHandlerAdapter.invokeHandlerMethod(RequestMappingHandlerAdapter.java:888)
	at org.springframework.web.servlet.mvc.method.annotation.RequestMappingHandlerAdapter.handleInternal(RequestMappingHandlerAdapter.java:793)
	at org.springframework.web.servlet.mvc.method.AbstractHandlerMethodAdapter.handle(AbstractHandlerMethodAdapter.java:87)
	at org.springframework.web.servlet.DispatcherServlet.doDispatch(DispatcherServlet.java:1040)
	at org.springframework.web.servlet.DispatcherServlet.doService(DispatcherServlet.java:943)
	at org.springframework.web.servlet.FrameworkServlet.processRequest(FrameworkServlet.java:1006)
	at org.springframework.web.servlet.FrameworkServlet.doPost(FrameworkServlet.java:909)
	at javax.servlet.http.HttpServlet.service(HttpServlet.java:660)
	at org.springframework.web.servlet.FrameworkServlet.service(FrameworkServlet.java:883)
	at javax.servlet.http.HttpServlet.service(HttpServlet.java:741)
	at org.apache.catalina.core.ApplicationFilterChain.internalDoFilter(ApplicationFilterChain.java:231)
	at org.apache.catalina.core.ApplicationFilterChain.doFilter(ApplicationFilterChain.java:166)
	at org.apache.tomcat.websocket.server.WsFilter.doFilter(WsFilter.java:53)
	at org.apache.catalina.core.ApplicationFilterChain.internalDoFilter(ApplicationFilterChain.java:193)
	at org.apache.catalina.core.ApplicationFilterChain.doFilter(ApplicationFilterChain.java:166)
	at org.springframework.web.filter.RequestContextFilter.doFilterInternal(RequestContextFilter.java:100)
	at org.springframework.web.filter.OncePerRequestFilter.doFilter(OncePerRequestFilter.java:119)
	at org.apache.catalina.core.ApplicationFilterChain.internalDoFilter(ApplicationFilterChain.java:193)
	at org.apache.catalina.core.ApplicationFilterChain.doFilter(ApplicationFilterChain.java:166)
	at org.springframework.web.filter.FormContentFilter.doFilterInternal(FormContentFilter.java:93)
	at org.springframework.web.filter.OncePerRequestFilter.doFilter(OncePerRequestFilter.java:119)
	at org.apache.catalina.core.ApplicationFilterChain.internalDoFilter(ApplicationFilterChain.java:193)
	at org.apache.catalina.core.ApplicationFilterChain.doFilter(ApplicationFilterChain.java:166)
	at org.springframework.web.filter.CharacterEncodingFilter.doFilterInternal(CharacterEncodingFilter.java:201)
	at org.springframework.web.filter.OncePerRequestFilter.doFilter(OncePerRequestFilter.java:119)
	at org.apache.catalina.core.ApplicationFilterChain.internalDoFilter(ApplicationFilterChain.java:193)
	at org.apache.catalina.core.ApplicationFilterChain.doFilter(ApplicationFilterChain.java:166)
	at org.apache.catalina.core.StandardWrapperValve.invoke(StandardWrapperValve.java:202)
	at org.apache.catalina.core.StandardContextValve.invoke(StandardContextValve.java:96)
	at org.apache.catalina.authenticator.AuthenticatorBase.invoke(AuthenticatorBase.java:526)
	at org.apache.catalina.core.StandardHostValve.invoke(StandardHostValve.java:139)
	at org.apache.catalina.valves.ErrorReportValve.invoke(ErrorReportValve.java:92)
	at org.apache.catalina.core.StandardEngineValve.invoke(StandardEngineValve.java:74)
	at org.apache.catalina.connector.CoyoteAdapter.service(CoyoteAdapter.java:343)
	at org.apache.coyote.http11.Http11Processor.service(Http11Processor.java:408)
	at org.apache.coyote.AbstractProcessorLight.process(AbstractProcessorLight.java:66)
	at org.apache.coyote.AbstractProtocol$ConnectionHandler.process(AbstractProtocol.java:861)
	at org.apache.tomcat.util.net.NioEndpoint$SocketProcessor.doRun(NioEndpoint.java:1579)
	at org.apache.tomcat.util.net.SocketProcessorBase.run(SocketProcessorBase.java:49)
	at java.base/java.util.concurrent.ThreadPoolExecutor.runWorker(ThreadPoolExecutor.java:1135)
	at java.base/java.util.concurrent.ThreadPoolExecutor$Worker.run(ThreadPoolExecutor.java:635)
	at org.apache.tomcat.util.threads.TaskThread$WrappingRunnable.run(TaskThread.java:61)
	at java.base/java.lang.Thread.run(Thread.java:844)
2020-03-21 13:47:00.600 [http-nio-6868-exec-6] INFO  cn.api.controller.UserController - cookies验证通过
2020-03-21 13:47:00.630 [http-nio-6868-exec-6] ERROR org.apache.catalina.core.ContainerBase.[Tomcat].[localhost].[/].[dispatcherServlet] - Servlet.service() for servlet [dispatcherServlet] in context with path [] threw exception [Request processing failed; nested exception is org.springframework.dao.DuplicateKeyException: 
### Error updating database.  Cause: java.sql.SQLIntegrityConstraintViolationException: Duplicate entry '21' for key 'user.PRIMARY'
### The error may exist in file [/Users/fanlilin/workspace/autoApiTest/AutoApiTestDemo/api/target/classes/mapper/mysql.xml]
### The error may involve cn.api.bean.addUser-Inline
### The error occurred while setting parameters
### SQL: insert into apiTest.user(id,username,password,email,create_time)             values (?,?,?,?,?);
### Cause: java.sql.SQLIntegrityConstraintViolationException: Duplicate entry '21' for key 'user.PRIMARY'
; Duplicate entry '21' for key 'user.PRIMARY'; nested exception is java.sql.SQLIntegrityConstraintViolationException: Duplicate entry '21' for key 'user.PRIMARY'] with root cause
java.sql.SQLIntegrityConstraintViolationException: Duplicate entry '21' for key 'user.PRIMARY'
	at com.mysql.cj.jdbc.exceptions.SQLError.createSQLException(SQLError.java:117)
	at com.mysql.cj.jdbc.exceptions.SQLError.createSQLException(SQLError.java:97)
	at com.mysql.cj.jdbc.exceptions.SQLExceptionsMapping.translateException(SQLExceptionsMapping.java:122)
	at com.mysql.cj.jdbc.ClientPreparedStatement.executeInternal(ClientPreparedStatement.java:955)
	at com.mysql.cj.jdbc.ClientPreparedStatement.execute(ClientPreparedStatement.java:372)
	at com.zaxxer.hikari.pool.ProxyPreparedStatement.execute(ProxyPreparedStatement.java:44)
	at com.zaxxer.hikari.pool.HikariProxyPreparedStatement.execute(HikariProxyPreparedStatement.java)
	at org.apache.ibatis.executor.statement.PreparedStatementHandler.update(PreparedStatementHandler.java:47)
	at org.apache.ibatis.executor.statement.RoutingStatementHandler.update(RoutingStatementHandler.java:74)
	at org.apache.ibatis.executor.SimpleExecutor.doUpdate(SimpleExecutor.java:50)
	at org.apache.ibatis.executor.BaseExecutor.update(BaseExecutor.java:117)
	at org.apache.ibatis.executor.CachingExecutor.update(CachingExecutor.java:76)
	at org.apache.ibatis.session.defaults.DefaultSqlSession.update(DefaultSqlSession.java:197)
	at org.apache.ibatis.session.defaults.DefaultSqlSession.insert(DefaultSqlSession.java:184)
	at java.base/jdk.internal.reflect.NativeMethodAccessorImpl.invoke0(Native Method)
	at java.base/jdk.internal.reflect.NativeMethodAccessorImpl.invoke(NativeMethodAccessorImpl.java:62)
	at java.base/jdk.internal.reflect.DelegatingMethodAccessorImpl.invoke(DelegatingMethodAccessorImpl.java:43)
	at java.base/java.lang.reflect.Method.invoke(Method.java:564)
	at org.mybatis.spring.SqlSessionTemplate$SqlSessionInterceptor.invoke(SqlSessionTemplate.java:433)
	at com.sun.proxy.$Proxy76.insert(Unknown Source)
	at org.mybatis.spring.SqlSessionTemplate.insert(SqlSessionTemplate.java:278)
	at cn.api.controller.UserController.addUser(UserController.java:55)
	at java.base/jdk.internal.reflect.NativeMethodAccessorImpl.invoke0(Native Method)
	at java.base/jdk.internal.reflect.NativeMethodAccessorImpl.invoke(NativeMethodAccessorImpl.java:62)
	at java.base/jdk.internal.reflect.DelegatingMethodAccessorImpl.invoke(DelegatingMethodAccessorImpl.java:43)
	at java.base/java.lang.reflect.Method.invoke(Method.java:564)
	at org.springframework.web.method.support.InvocableHandlerMethod.doInvoke(InvocableHandlerMethod.java:190)
	at org.springframework.web.method.support.InvocableHandlerMethod.invokeForRequest(InvocableHandlerMethod.java:138)
	at org.springframework.web.servlet.mvc.method.annotation.ServletInvocableHandlerMethod.invokeAndHandle(ServletInvocableHandlerMethod.java:106)
	at org.springframework.web.servlet.mvc.method.annotation.RequestMappingHandlerAdapter.invokeHandlerMethod(RequestMappingHandlerAdapter.java:888)
	at org.springframework.web.servlet.mvc.method.annotation.RequestMappingHandlerAdapter.handleInternal(RequestMappingHandlerAdapter.java:793)
	at org.springframework.web.servlet.mvc.method.AbstractHandlerMethodAdapter.handle(AbstractHandlerMethodAdapter.java:87)
	at org.springframework.web.servlet.DispatcherServlet.doDispatch(DispatcherServlet.java:1040)
	at org.springframework.web.servlet.DispatcherServlet.doService(DispatcherServlet.java:943)
	at org.springframework.web.servlet.FrameworkServlet.processRequest(FrameworkServlet.java:1006)
	at org.springframework.web.servlet.FrameworkServlet.doPost(FrameworkServlet.java:909)
	at javax.servlet.http.HttpServlet.service(HttpServlet.java:660)
	at org.springframework.web.servlet.FrameworkServlet.service(FrameworkServlet.java:883)
	at javax.servlet.http.HttpServlet.service(HttpServlet.java:741)
	at org.apache.catalina.core.ApplicationFilterChain.internalDoFilter(ApplicationFilterChain.java:231)
	at org.apache.catalina.core.ApplicationFilterChain.doFilter(ApplicationFilterChain.java:166)
	at org.apache.tomcat.websocket.server.WsFilter.doFilter(WsFilter.java:53)
	at org.apache.catalina.core.ApplicationFilterChain.internalDoFilter(ApplicationFilterChain.java:193)
	at org.apache.catalina.core.ApplicationFilterChain.doFilter(ApplicationFilterChain.java:166)
	at org.springframework.web.filter.RequestContextFilter.doFilterInternal(RequestContextFilter.java:100)
	at org.springframework.web.filter.OncePerRequestFilter.doFilter(OncePerRequestFilter.java:119)
	at org.apache.catalina.core.ApplicationFilterChain.internalDoFilter(ApplicationFilterChain.java:193)
	at org.apache.catalina.core.ApplicationFilterChain.doFilter(ApplicationFilterChain.java:166)
	at org.springframework.web.filter.FormContentFilter.doFilterInternal(FormContentFilter.java:93)
	at org.springframework.web.filter.OncePerRequestFilter.doFilter(OncePerRequestFilter.java:119)
	at org.apache.catalina.core.ApplicationFilterChain.internalDoFilter(ApplicationFilterChain.java:193)
	at org.apache.catalina.core.ApplicationFilterChain.doFilter(ApplicationFilterChain.java:166)
	at org.springframework.web.filter.CharacterEncodingFilter.doFilterInternal(CharacterEncodingFilter.java:201)
	at org.springframework.web.filter.OncePerRequestFilter.doFilter(OncePerRequestFilter.java:119)
	at org.apache.catalina.core.ApplicationFilterChain.internalDoFilter(ApplicationFilterChain.java:193)
	at org.apache.catalina.core.ApplicationFilterChain.doFilter(ApplicationFilterChain.java:166)
	at org.apache.catalina.core.StandardWrapperValve.invoke(StandardWrapperValve.java:202)
	at org.apache.catalina.core.StandardContextValve.invoke(StandardContextValve.java:96)
	at org.apache.catalina.authenticator.AuthenticatorBase.invoke(AuthenticatorBase.java:526)
	at org.apache.catalina.core.StandardHostValve.invoke(StandardHostValve.java:139)
	at org.apache.catalina.valves.ErrorReportValve.invoke(ErrorReportValve.java:92)
	at org.apache.catalina.core.StandardEngineValve.invoke(StandardEngineValve.java:74)
	at org.apache.catalina.connector.CoyoteAdapter.service(CoyoteAdapter.java:343)
	at org.apache.coyote.http11.Http11Processor.service(Http11Processor.java:408)
	at org.apache.coyote.AbstractProcessorLight.process(AbstractProcessorLight.java:66)
	at org.apache.coyote.AbstractProtocol$ConnectionHandler.process(AbstractProtocol.java:861)
	at org.apache.tomcat.util.net.NioEndpoint$SocketProcessor.doRun(NioEndpoint.java:1579)
	at org.apache.tomcat.util.net.SocketProcessorBase.run(SocketProcessorBase.java:49)
	at java.base/java.util.concurrent.ThreadPoolExecutor.runWorker(ThreadPoolExecutor.java:1135)
	at java.base/java.util.concurrent.ThreadPoolExecutor$Worker.run(ThreadPoolExecutor.java:635)
	at org.apache.tomcat.util.threads.TaskThread$WrappingRunnable.run(TaskThread.java:61)
	at java.base/java.lang.Thread.run(Thread.java:844)
2020-03-21 13:47:02.324 [http-nio-6868-exec-7] INFO  cn.api.controller.UserController - cookies验证通过
2020-03-21 13:47:02.370 [http-nio-6868-exec-7] INFO  cn.api.controller.UserController - 更新成功，更新数据为1条
2020-03-21 13:47:02.946 [http-nio-6868-exec-8] INFO  cn.api.controller.UserController - cookies验证通过
2020-03-21 13:47:02.986 [http-nio-6868-exec-8] INFO  cn.api.controller.UserController - 可查询到1个用户
2020-03-21 13:47:03.480 [http-nio-6868-exec-9] INFO  cn.api.controller.UserController - cookies验证通过
2020-03-21 13:47:03.495 [http-nio-6868-exec-9] INFO  cn.api.controller.UserController - 可查询到1个用户
2020-03-21 13:51:11.215 [http-nio-6868-exec-2] INFO  cn.api.controller.UserController - 可查询到当前用户名:彭于晏
2020-03-21 13:51:11.331 [http-nio-6868-exec-3] INFO  cn.api.controller.UserController - 可查询到当前用户名:任嘉伦
2020-03-21 13:51:11.424 [http-nio-6868-exec-5] INFO  cn.api.controller.UserController - cookies验证通过
2020-03-21 13:51:11.466 [http-nio-6868-exec-5] INFO  cn.api.controller.UserController - 新增用户：李敖成功！
2020-03-21 13:51:11.524 [http-nio-6868-exec-6] INFO  cn.api.controller.UserController - cookies验证通过
2020-03-21 13:51:11.557 [http-nio-6868-exec-6] INFO  cn.api.controller.UserController - 新增用户：李敖成功！
2020-03-21 13:51:12.983 [http-nio-6868-exec-7] INFO  cn.api.controller.UserController - cookies验证通过
2020-03-21 13:51:13.026 [http-nio-6868-exec-7] INFO  cn.api.controller.UserController - 更新成功，更新数据为1条
2020-03-21 13:51:13.494 [http-nio-6868-exec-8] INFO  cn.api.controller.UserController - cookies验证通过
2020-03-21 13:51:13.525 [http-nio-6868-exec-8] INFO  cn.api.controller.UserController - 可查询到1个用户
2020-03-21 13:51:14.175 [http-nio-6868-exec-9] INFO  cn.api.controller.UserController - cookies验证通过
2020-03-21 13:51:14.218 [http-nio-6868-exec-9] INFO  cn.api.controller.UserController - 可查询到1个用户
2020-03-21 13:56:24.260 [http-nio-6868-exec-7] INFO  cn.api.controller.UserController - 可查询到当前用户名:彭于晏
2020-03-21 13:57:21.324 [http-nio-6868-exec-8] INFO  cn.api.controller.UserController - 可查询到当前用户名:任嘉伦
2020-03-21 13:58:06.425 [http-nio-6868-exec-9] INFO  cn.api.controller.UserController - 可查询到当前用户名:范黎琳
2020-03-21 14:00:28.824 [http-nio-6868-exec-5] INFO  cn.api.controller.UserController - 可查询到当前用户名:李燃
2020-03-21 14:01:17.570 [http-nio-6868-exec-6] INFO  cn.api.controller.UserController - 可查询到当前用户名:彭于晏
2020-03-21 14:01:17.615 [http-nio-6868-exec-7] INFO  cn.api.controller.UserController - 可查询到当前用户名:任嘉伦
2020-03-21 14:15:03.585 [SpringContextShutdownHook] INFO  org.springframework.scheduling.concurrent.ThreadPoolTaskScheduler - Shutting down ExecutorService 'taskScheduler'
2020-03-21 14:15:03.619 [SpringContextShutdownHook] INFO  org.springframework.scheduling.concurrent.ThreadPoolTaskExecutor - Shutting down ExecutorService 'applicationTaskExecutor'
2020-03-21 14:15:03.658 [SpringContextShutdownHook] INFO  com.zaxxer.hikari.HikariDataSource - HikariPool-1 - Shutdown initiated...
2020-03-21 14:15:03.705 [SpringContextShutdownHook] INFO  com.zaxxer.hikari.HikariDataSource - HikariPool-1 - Shutdown completed.
2020-03-21 14:18:30.731 [main] INFO  cn.Application - Starting Application on xjtdeMBP.lan with PID 38095 (/Users/fanlilin/workspace/autoApiTest/AutoApiTestDemo/api/target/classes started by fanlilin in /Users/fanlilin/workspace/autoApiTest/AutoApiTestDemo)
2020-03-21 14:18:30.744 [main] INFO  cn.Application - The following profiles are active: test
2020-03-21 14:18:33.253 [main] WARN  org.mybatis.spring.mapper.ClassPathMapperScanner - No MyBatis mapper was found in '[cn]' package. Please check your configuration.
2020-03-21 14:18:34.112 [main] INFO  org.springframework.context.support.PostProcessorRegistrationDelegate$BeanPostProcessorChecker - Bean 'org.springframework.transaction.annotation.ProxyTransactionManagementConfiguration' of type [org.springframework.transaction.annotation.ProxyTransactionManagementConfiguration] is not eligible for getting processed by all BeanPostProcessors (for example: not eligible for auto-proxying)
2020-03-21 14:18:34.761 [main] INFO  org.springframework.boot.web.embedded.tomcat.TomcatWebServer - Tomcat initialized with port(s): 6868 (http)
2020-03-21 14:18:34.779 [main] INFO  org.apache.coyote.http11.Http11NioProtocol - Initializing ProtocolHandler ["http-nio-6868"]
2020-03-21 14:18:34.780 [main] INFO  org.apache.catalina.core.StandardService - Starting service [Tomcat]
2020-03-21 14:18:34.781 [main] INFO  org.apache.catalina.core.StandardEngine - Starting Servlet engine: [Apache Tomcat/9.0.27]
2020-03-21 14:18:34.916 [main] INFO  org.apache.catalina.core.ContainerBase.[Tomcat].[localhost].[/] - Initializing Spring embedded WebApplicationContext
2020-03-21 14:18:34.916 [main] INFO  org.springframework.web.context.ContextLoader - Root WebApplicationContext: initialization completed in 3684 ms
2020-03-21 14:18:35.990 [main] INFO  springfox.documentation.spring.web.PropertySourcedRequestMappingHandlerMapping - Mapped URL path [/v2/api-docs] onto method [springfox.documentation.swagger2.web.Swagger2Controller#getDocumentation(String, HttpServletRequest)]
2020-03-21 14:18:36.148 [main] INFO  org.springframework.scheduling.concurrent.ThreadPoolTaskExecutor - Initializing ExecutorService 'applicationTaskExecutor'
2020-03-21 14:18:36.492 [main] INFO  org.springframework.scheduling.concurrent.ThreadPoolTaskScheduler - Initializing ExecutorService 'taskScheduler'
2020-03-21 14:18:36.552 [main] INFO  springfox.documentation.spring.web.plugins.DocumentationPluginsBootstrapper - Context refreshed
2020-03-21 14:18:36.576 [main] INFO  springfox.documentation.spring.web.plugins.DocumentationPluginsBootstrapper - Found 1 custom documentation plugin(s)
2020-03-21 14:18:36.633 [main] INFO  springfox.documentation.spring.web.scanners.ApiListingReferenceScanner - Scanning for api listing references
2020-03-21 14:18:37.187 [main] INFO  org.apache.coyote.http11.Http11NioProtocol - Starting ProtocolHandler ["http-nio-6868"]
2020-03-21 14:18:37.236 [main] INFO  org.springframework.boot.web.embedded.tomcat.TomcatWebServer - Tomcat started on port(s): 6868 (http) with context path ''
2020-03-21 14:18:37.243 [main] INFO  cn.Application - Started Application in 8.467 seconds (JVM running for 11.17)
2020-03-21 14:19:54.234 [http-nio-6868-exec-1] INFO  org.apache.catalina.core.ContainerBase.[Tomcat].[localhost].[/] - Initializing Spring DispatcherServlet 'dispatcherServlet'
2020-03-21 14:19:54.237 [http-nio-6868-exec-1] INFO  org.springframework.web.servlet.DispatcherServlet - Initializing Servlet 'dispatcherServlet'
2020-03-21 14:19:54.286 [http-nio-6868-exec-1] INFO  org.springframework.web.servlet.DispatcherServlet - Completed initialization in 48 ms
2020-03-21 14:19:54.531 [http-nio-6868-exec-1] INFO  com.zaxxer.hikari.HikariDataSource - HikariPool-1 - Starting...
2020-03-21 14:19:55.428 [http-nio-6868-exec-1] INFO  com.zaxxer.hikari.HikariDataSource - HikariPool-1 - Start completed.
2020-03-21 14:19:55.559 [http-nio-6868-exec-1] INFO  cn.api.controller.UserController - 可查询到当前用户名:李燃
2020-03-21 14:19:55.767 [http-nio-6868-exec-2] INFO  cn.api.controller.UserController - 可查询到当前用户名:彭于晏
2020-03-21 14:19:55.827 [http-nio-6868-exec-3] INFO  cn.api.controller.UserController - 可查询到当前用户名:任嘉伦
2020-03-21 14:19:55.884 [http-nio-6868-exec-4] INFO  cn.api.controller.UserController - 康师傅：用户名密码不正确！
2020-03-21 14:19:56.023 [http-nio-6868-exec-5] INFO  cn.api.controller.UserController - cookies验证通过
2020-03-21 14:19:56.063 [http-nio-6868-exec-5] INFO  cn.api.controller.UserController - 新增用户：李敖成功！
2020-03-21 14:19:56.088 [http-nio-6868-exec-6] INFO  cn.api.controller.UserController - cookies验证通过
2020-03-21 14:19:56.124 [http-nio-6868-exec-6] INFO  cn.api.controller.UserController - 新增用户：李敖成功！
2020-03-21 14:19:57.934 [http-nio-6868-exec-7] INFO  cn.api.controller.UserController - cookies验证通过
2020-03-21 14:19:58.005 [http-nio-6868-exec-7] INFO  cn.api.controller.UserController - 更新成功，更新数据为1条
2020-03-21 14:19:58.483 [http-nio-6868-exec-8] INFO  cn.api.controller.UserController - cookies验证通过
2020-03-21 14:19:58.522 [http-nio-6868-exec-8] INFO  cn.api.controller.UserController - 可查询到1个用户
2020-03-21 14:19:59.117 [http-nio-6868-exec-9] INFO  cn.api.controller.UserController - cookies验证通过
2020-03-21 14:19:59.151 [http-nio-6868-exec-9] INFO  cn.api.controller.UserController - 可查询到1个用户
2020-03-21 14:21:25.606 [SpringContextShutdownHook] INFO  org.springframework.scheduling.concurrent.ThreadPoolTaskScheduler - Shutting down ExecutorService 'taskScheduler'
2020-03-21 14:21:25.608 [SpringContextShutdownHook] INFO  org.springframework.scheduling.concurrent.ThreadPoolTaskExecutor - Shutting down ExecutorService 'applicationTaskExecutor'
2020-03-21 14:21:25.613 [SpringContextShutdownHook] INFO  com.zaxxer.hikari.HikariDataSource - HikariPool-1 - Shutdown initiated...
2020-03-21 14:21:25.644 [SpringContextShutdownHook] INFO  com.zaxxer.hikari.HikariDataSource - HikariPool-1 - Shutdown completed.
2020-03-21 15:32:02.853 [main] INFO  cn.Application - Starting Application on xjtdeMBP.lan with PID 77361 (/Users/fanlilin/workspace/autoApiTest/AutoApiTestDemo/api/target/classes started by fanlilin in /Users/fanlilin/workspace/autoApiTest/AutoApiTestDemo)
2020-03-21 15:32:02.861 [main] INFO  cn.Application - The following profiles are active: test
2020-03-21 15:32:04.642 [main] WARN  org.mybatis.spring.mapper.ClassPathMapperScanner - No MyBatis mapper was found in '[cn]' package. Please check your configuration.
2020-03-21 15:32:05.249 [main] INFO  org.springframework.context.support.PostProcessorRegistrationDelegate$BeanPostProcessorChecker - Bean 'org.springframework.transaction.annotation.ProxyTransactionManagementConfiguration' of type [org.springframework.transaction.annotation.ProxyTransactionManagementConfiguration] is not eligible for getting processed by all BeanPostProcessors (for example: not eligible for auto-proxying)
2020-03-21 15:32:05.849 [main] INFO  org.springframework.boot.web.embedded.tomcat.TomcatWebServer - Tomcat initialized with port(s): 6868 (http)
2020-03-21 15:32:05.868 [main] INFO  org.apache.coyote.http11.Http11NioProtocol - Initializing ProtocolHandler ["http-nio-6868"]
2020-03-21 15:32:05.869 [main] INFO  org.apache.catalina.core.StandardService - Starting service [Tomcat]
2020-03-21 15:32:05.869 [main] INFO  org.apache.catalina.core.StandardEngine - Starting Servlet engine: [Apache Tomcat/9.0.27]
2020-03-21 15:32:06.037 [main] INFO  org.apache.catalina.core.ContainerBase.[Tomcat].[localhost].[/] - Initializing Spring embedded WebApplicationContext
2020-03-21 15:32:06.038 [main] INFO  org.springframework.web.context.ContextLoader - Root WebApplicationContext: initialization completed in 2938 ms
2020-03-21 15:32:07.408 [main] INFO  springfox.documentation.spring.web.PropertySourcedRequestMappingHandlerMapping - Mapped URL path [/v2/api-docs] onto method [springfox.documentation.swagger2.web.Swagger2Controller#getDocumentation(String, HttpServletRequest)]
2020-03-21 15:32:07.673 [main] INFO  org.springframework.scheduling.concurrent.ThreadPoolTaskExecutor - Initializing ExecutorService 'applicationTaskExecutor'
2020-03-21 15:32:07.894 [main] INFO  org.springframework.scheduling.concurrent.ThreadPoolTaskScheduler - Initializing ExecutorService 'taskScheduler'
2020-03-21 15:32:07.955 [main] INFO  springfox.documentation.spring.web.plugins.DocumentationPluginsBootstrapper - Context refreshed
2020-03-21 15:32:07.982 [main] INFO  springfox.documentation.spring.web.plugins.DocumentationPluginsBootstrapper - Found 1 custom documentation plugin(s)
2020-03-21 15:32:08.031 [main] INFO  springfox.documentation.spring.web.scanners.ApiListingReferenceScanner - Scanning for api listing references
2020-03-21 15:32:08.526 [main] INFO  org.apache.coyote.http11.Http11NioProtocol - Starting ProtocolHandler ["http-nio-6868"]
2020-03-21 15:32:08.791 [main] INFO  org.springframework.boot.web.embedded.tomcat.TomcatWebServer - Tomcat started on port(s): 6868 (http) with context path ''
2020-03-21 15:32:08.801 [main] INFO  cn.Application - Started Application in 7.269 seconds (JVM running for 9.531)
2020-03-21 15:33:45.144 [http-nio-6868-exec-1] INFO  org.apache.catalina.core.ContainerBase.[Tomcat].[localhost].[/] - Initializing Spring DispatcherServlet 'dispatcherServlet'
2020-03-21 15:33:45.145 [http-nio-6868-exec-1] INFO  org.springframework.web.servlet.DispatcherServlet - Initializing Servlet 'dispatcherServlet'
2020-03-21 15:33:45.169 [http-nio-6868-exec-1] INFO  org.springframework.web.servlet.DispatcherServlet - Completed initialization in 23 ms
2020-03-21 15:33:45.361 [http-nio-6868-exec-1] INFO  com.zaxxer.hikari.HikariDataSource - HikariPool-1 - Starting...
2020-03-21 15:33:46.377 [http-nio-6868-exec-1] INFO  com.zaxxer.hikari.HikariDataSource - HikariPool-1 - Start completed.
2020-03-21 15:33:46.481 [http-nio-6868-exec-1] INFO  cn.api.controller.UserController - 可查询到当前用户名:李燃
2020-03-21 15:33:46.603 [http-nio-6868-exec-2] INFO  cn.api.controller.UserController - 可查询到当前用户名:彭于晏
2020-03-21 15:33:46.641 [http-nio-6868-exec-3] INFO  cn.api.controller.UserController - 可查询到当前用户名:任嘉伦
2020-03-21 15:33:46.674 [http-nio-6868-exec-4] INFO  cn.api.controller.UserController - 康师傅：用户名密码不正确！
2020-03-21 15:33:46.734 [http-nio-6868-exec-5] INFO  cn.api.controller.UserController - cookies验证通过
2020-03-21 15:33:46.810 [http-nio-6868-exec-5] INFO  cn.api.controller.UserController - 新增用户：李敖成功！
2020-03-21 15:33:46.827 [http-nio-6868-exec-6] INFO  cn.api.controller.UserController - cookies验证通过
2020-03-21 15:33:46.877 [http-nio-6868-exec-6] INFO  cn.api.controller.UserController - 新增用户：李敖成功！
2020-03-21 15:33:48.380 [http-nio-6868-exec-7] INFO  cn.api.controller.UserController - cookies验证通过
2020-03-21 15:33:48.458 [http-nio-6868-exec-7] INFO  cn.api.controller.UserController - 更新成功，更新数据为1条
2020-03-21 15:33:48.792 [http-nio-6868-exec-8] INFO  cn.api.controller.UserController - cookies验证通过
2020-03-21 15:33:48.811 [http-nio-6868-exec-8] INFO  cn.api.controller.UserController - 可查询到1个用户
2020-03-21 15:33:49.233 [http-nio-6868-exec-9] INFO  cn.api.controller.UserController - cookies验证通过
2020-03-21 15:33:49.248 [http-nio-6868-exec-9] INFO  cn.api.controller.UserController - 可查询到1个用户
2020-03-21 15:36:47.428 [http-nio-6868-exec-1] INFO  cn.api.controller.UserController - 可查询到当前用户名:李燃
2020-03-21 15:36:47.612 [http-nio-6868-exec-2] INFO  cn.api.controller.UserController - 可查询到当前用户名:彭于晏
2020-03-21 15:36:47.750 [http-nio-6868-exec-3] INFO  cn.api.controller.UserController - 可查询到当前用户名:任嘉伦
2020-03-21 15:36:47.819 [http-nio-6868-exec-4] INFO  cn.api.controller.UserController - 康师傅：用户名密码不正确！
2020-03-21 15:36:47.857 [http-nio-6868-exec-5] INFO  cn.api.controller.UserController - cookies验证通过
2020-03-21 15:36:48.158 [http-nio-6868-exec-5] ERROR org.apache.catalina.core.ContainerBase.[Tomcat].[localhost].[/].[dispatcherServlet] - Servlet.service() for servlet [dispatcherServlet] in context with path [] threw exception [Request processing failed; nested exception is org.springframework.dao.DuplicateKeyException: 
### Error updating database.  Cause: java.sql.SQLIntegrityConstraintViolationException: Duplicate entry '20' for key 'user.PRIMARY'
### The error may exist in file [/Users/fanlilin/workspace/autoApiTest/AutoApiTestDemo/api/target/classes/mapper/mysql.xml]
### The error may involve cn.api.bean.addUser-Inline
### The error occurred while setting parameters
### SQL: insert into apiTest.user(id,username,password,email,create_time)             values (?,?,?,?,?);
### Cause: java.sql.SQLIntegrityConstraintViolationException: Duplicate entry '20' for key 'user.PRIMARY'
; Duplicate entry '20' for key 'user.PRIMARY'; nested exception is java.sql.SQLIntegrityConstraintViolationException: Duplicate entry '20' for key 'user.PRIMARY'] with root cause
java.sql.SQLIntegrityConstraintViolationException: Duplicate entry '20' for key 'user.PRIMARY'
	at com.mysql.cj.jdbc.exceptions.SQLError.createSQLException(SQLError.java:117)
	at com.mysql.cj.jdbc.exceptions.SQLError.createSQLException(SQLError.java:97)
	at com.mysql.cj.jdbc.exceptions.SQLExceptionsMapping.translateException(SQLExceptionsMapping.java:122)
	at com.mysql.cj.jdbc.ClientPreparedStatement.executeInternal(ClientPreparedStatement.java:955)
	at com.mysql.cj.jdbc.ClientPreparedStatement.execute(ClientPreparedStatement.java:372)
	at com.zaxxer.hikari.pool.ProxyPreparedStatement.execute(ProxyPreparedStatement.java:44)
	at com.zaxxer.hikari.pool.HikariProxyPreparedStatement.execute(HikariProxyPreparedStatement.java)
	at org.apache.ibatis.executor.statement.PreparedStatementHandler.update(PreparedStatementHandler.java:47)
	at org.apache.ibatis.executor.statement.RoutingStatementHandler.update(RoutingStatementHandler.java:74)
	at org.apache.ibatis.executor.SimpleExecutor.doUpdate(SimpleExecutor.java:50)
	at org.apache.ibatis.executor.BaseExecutor.update(BaseExecutor.java:117)
	at org.apache.ibatis.executor.CachingExecutor.update(CachingExecutor.java:76)
	at org.apache.ibatis.session.defaults.DefaultSqlSession.update(DefaultSqlSession.java:197)
	at org.apache.ibatis.session.defaults.DefaultSqlSession.insert(DefaultSqlSession.java:184)
	at java.base/jdk.internal.reflect.NativeMethodAccessorImpl.invoke0(Native Method)
	at java.base/jdk.internal.reflect.NativeMethodAccessorImpl.invoke(NativeMethodAccessorImpl.java:62)
	at java.base/jdk.internal.reflect.DelegatingMethodAccessorImpl.invoke(DelegatingMethodAccessorImpl.java:43)
	at java.base/java.lang.reflect.Method.invoke(Method.java:564)
	at org.mybatis.spring.SqlSessionTemplate$SqlSessionInterceptor.invoke(SqlSessionTemplate.java:433)
	at com.sun.proxy.$Proxy76.insert(Unknown Source)
	at org.mybatis.spring.SqlSessionTemplate.insert(SqlSessionTemplate.java:278)
	at cn.api.controller.UserController.addUser(UserController.java:57)
	at java.base/jdk.internal.reflect.NativeMethodAccessorImpl.invoke0(Native Method)
	at java.base/jdk.internal.reflect.NativeMethodAccessorImpl.invoke(NativeMethodAccessorImpl.java:62)
	at java.base/jdk.internal.reflect.DelegatingMethodAccessorImpl.invoke(DelegatingMethodAccessorImpl.java:43)
	at java.base/java.lang.reflect.Method.invoke(Method.java:564)
	at org.springframework.web.method.support.InvocableHandlerMethod.doInvoke(InvocableHandlerMethod.java:190)
	at org.springframework.web.method.support.InvocableHandlerMethod.invokeForRequest(InvocableHandlerMethod.java:138)
	at org.springframework.web.servlet.mvc.method.annotation.ServletInvocableHandlerMethod.invokeAndHandle(ServletInvocableHandlerMethod.java:106)
	at org.springframework.web.servlet.mvc.method.annotation.RequestMappingHandlerAdapter.invokeHandlerMethod(RequestMappingHandlerAdapter.java:888)
	at org.springframework.web.servlet.mvc.method.annotation.RequestMappingHandlerAdapter.handleInternal(RequestMappingHandlerAdapter.java:793)
	at org.springframework.web.servlet.mvc.method.AbstractHandlerMethodAdapter.handle(AbstractHandlerMethodAdapter.java:87)
	at org.springframework.web.servlet.DispatcherServlet.doDispatch(DispatcherServlet.java:1040)
	at org.springframework.web.servlet.DispatcherServlet.doService(DispatcherServlet.java:943)
	at org.springframework.web.servlet.FrameworkServlet.processRequest(FrameworkServlet.java:1006)
	at org.springframework.web.servlet.FrameworkServlet.doPost(FrameworkServlet.java:909)
	at javax.servlet.http.HttpServlet.service(HttpServlet.java:660)
	at org.springframework.web.servlet.FrameworkServlet.service(FrameworkServlet.java:883)
	at javax.servlet.http.HttpServlet.service(HttpServlet.java:741)
	at org.apache.catalina.core.ApplicationFilterChain.internalDoFilter(ApplicationFilterChain.java:231)
	at org.apache.catalina.core.ApplicationFilterChain.doFilter(ApplicationFilterChain.java:166)
	at org.apache.tomcat.websocket.server.WsFilter.doFilter(WsFilter.java:53)
	at org.apache.catalina.core.ApplicationFilterChain.internalDoFilter(ApplicationFilterChain.java:193)
	at org.apache.catalina.core.ApplicationFilterChain.doFilter(ApplicationFilterChain.java:166)
	at org.springframework.web.filter.RequestContextFilter.doFilterInternal(RequestContextFilter.java:100)
	at org.springframework.web.filter.OncePerRequestFilter.doFilter(OncePerRequestFilter.java:119)
	at org.apache.catalina.core.ApplicationFilterChain.internalDoFilter(ApplicationFilterChain.java:193)
	at org.apache.catalina.core.ApplicationFilterChain.doFilter(ApplicationFilterChain.java:166)
	at org.springframework.web.filter.FormContentFilter.doFilterInternal(FormContentFilter.java:93)
	at org.springframework.web.filter.OncePerRequestFilter.doFilter(OncePerRequestFilter.java:119)
	at org.apache.catalina.core.ApplicationFilterChain.internalDoFilter(ApplicationFilterChain.java:193)
	at org.apache.catalina.core.ApplicationFilterChain.doFilter(ApplicationFilterChain.java:166)
	at org.springframework.web.filter.CharacterEncodingFilter.doFilterInternal(CharacterEncodingFilter.java:201)
	at org.springframework.web.filter.OncePerRequestFilter.doFilter(OncePerRequestFilter.java:119)
	at org.apache.catalina.core.ApplicationFilterChain.internalDoFilter(ApplicationFilterChain.java:193)
	at org.apache.catalina.core.ApplicationFilterChain.doFilter(ApplicationFilterChain.java:166)
	at org.apache.catalina.core.StandardWrapperValve.invoke(StandardWrapperValve.java:202)
	at org.apache.catalina.core.StandardContextValve.invoke(StandardContextValve.java:96)
	at org.apache.catalina.authenticator.AuthenticatorBase.invoke(AuthenticatorBase.java:526)
	at org.apache.catalina.core.StandardHostValve.invoke(StandardHostValve.java:139)
	at org.apache.catalina.valves.ErrorReportValve.invoke(ErrorReportValve.java:92)
	at org.apache.catalina.core.StandardEngineValve.invoke(StandardEngineValve.java:74)
	at org.apache.catalina.connector.CoyoteAdapter.service(CoyoteAdapter.java:343)
	at org.apache.coyote.http11.Http11Processor.service(Http11Processor.java:408)
	at org.apache.coyote.AbstractProcessorLight.process(AbstractProcessorLight.java:66)
	at org.apache.coyote.AbstractProtocol$ConnectionHandler.process(AbstractProtocol.java:861)
	at org.apache.tomcat.util.net.NioEndpoint$SocketProcessor.doRun(NioEndpoint.java:1579)
	at org.apache.tomcat.util.net.SocketProcessorBase.run(SocketProcessorBase.java:49)
	at java.base/java.util.concurrent.ThreadPoolExecutor.runWorker(ThreadPoolExecutor.java:1135)
	at java.base/java.util.concurrent.ThreadPoolExecutor$Worker.run(ThreadPoolExecutor.java:635)
	at org.apache.tomcat.util.threads.TaskThread$WrappingRunnable.run(TaskThread.java:61)
	at java.base/java.lang.Thread.run(Thread.java:844)
2020-03-21 15:36:48.247 [http-nio-6868-exec-6] INFO  cn.api.controller.UserController - cookies验证通过
2020-03-21 15:36:48.275 [http-nio-6868-exec-6] ERROR org.apache.catalina.core.ContainerBase.[Tomcat].[localhost].[/].[dispatcherServlet] - Servlet.service() for servlet [dispatcherServlet] in context with path [] threw exception [Request processing failed; nested exception is org.springframework.dao.DuplicateKeyException: 
### Error updating database.  Cause: java.sql.SQLIntegrityConstraintViolationException: Duplicate entry '21' for key 'user.PRIMARY'
### The error may exist in file [/Users/fanlilin/workspace/autoApiTest/AutoApiTestDemo/api/target/classes/mapper/mysql.xml]
### The error may involve cn.api.bean.addUser-Inline
### The error occurred while setting parameters
### SQL: insert into apiTest.user(id,username,password,email,create_time)             values (?,?,?,?,?);
### Cause: java.sql.SQLIntegrityConstraintViolationException: Duplicate entry '21' for key 'user.PRIMARY'
; Duplicate entry '21' for key 'user.PRIMARY'; nested exception is java.sql.SQLIntegrityConstraintViolationException: Duplicate entry '21' for key 'user.PRIMARY'] with root cause
java.sql.SQLIntegrityConstraintViolationException: Duplicate entry '21' for key 'user.PRIMARY'
	at com.mysql.cj.jdbc.exceptions.SQLError.createSQLException(SQLError.java:117)
	at com.mysql.cj.jdbc.exceptions.SQLError.createSQLException(SQLError.java:97)
	at com.mysql.cj.jdbc.exceptions.SQLExceptionsMapping.translateException(SQLExceptionsMapping.java:122)
	at com.mysql.cj.jdbc.ClientPreparedStatement.executeInternal(ClientPreparedStatement.java:955)
	at com.mysql.cj.jdbc.ClientPreparedStatement.execute(ClientPreparedStatement.java:372)
	at com.zaxxer.hikari.pool.ProxyPreparedStatement.execute(ProxyPreparedStatement.java:44)
	at com.zaxxer.hikari.pool.HikariProxyPreparedStatement.execute(HikariProxyPreparedStatement.java)
	at org.apache.ibatis.executor.statement.PreparedStatementHandler.update(PreparedStatementHandler.java:47)
	at org.apache.ibatis.executor.statement.RoutingStatementHandler.update(RoutingStatementHandler.java:74)
	at org.apache.ibatis.executor.SimpleExecutor.doUpdate(SimpleExecutor.java:50)
	at org.apache.ibatis.executor.BaseExecutor.update(BaseExecutor.java:117)
	at org.apache.ibatis.executor.CachingExecutor.update(CachingExecutor.java:76)
	at org.apache.ibatis.session.defaults.DefaultSqlSession.update(DefaultSqlSession.java:197)
	at org.apache.ibatis.session.defaults.DefaultSqlSession.insert(DefaultSqlSession.java:184)
	at java.base/jdk.internal.reflect.NativeMethodAccessorImpl.invoke0(Native Method)
	at java.base/jdk.internal.reflect.NativeMethodAccessorImpl.invoke(NativeMethodAccessorImpl.java:62)
	at java.base/jdk.internal.reflect.DelegatingMethodAccessorImpl.invoke(DelegatingMethodAccessorImpl.java:43)
	at java.base/java.lang.reflect.Method.invoke(Method.java:564)
	at org.mybatis.spring.SqlSessionTemplate$SqlSessionInterceptor.invoke(SqlSessionTemplate.java:433)
	at com.sun.proxy.$Proxy76.insert(Unknown Source)
	at org.mybatis.spring.SqlSessionTemplate.insert(SqlSessionTemplate.java:278)
	at cn.api.controller.UserController.addUser(UserController.java:57)
	at java.base/jdk.internal.reflect.NativeMethodAccessorImpl.invoke0(Native Method)
	at java.base/jdk.internal.reflect.NativeMethodAccessorImpl.invoke(NativeMethodAccessorImpl.java:62)
	at java.base/jdk.internal.reflect.DelegatingMethodAccessorImpl.invoke(DelegatingMethodAccessorImpl.java:43)
	at java.base/java.lang.reflect.Method.invoke(Method.java:564)
	at org.springframework.web.method.support.InvocableHandlerMethod.doInvoke(InvocableHandlerMethod.java:190)
	at org.springframework.web.method.support.InvocableHandlerMethod.invokeForRequest(InvocableHandlerMethod.java:138)
	at org.springframework.web.servlet.mvc.method.annotation.ServletInvocableHandlerMethod.invokeAndHandle(ServletInvocableHandlerMethod.java:106)
	at org.springframework.web.servlet.mvc.method.annotation.RequestMappingHandlerAdapter.invokeHandlerMethod(RequestMappingHandlerAdapter.java:888)
	at org.springframework.web.servlet.mvc.method.annotation.RequestMappingHandlerAdapter.handleInternal(RequestMappingHandlerAdapter.java:793)
	at org.springframework.web.servlet.mvc.method.AbstractHandlerMethodAdapter.handle(AbstractHandlerMethodAdapter.java:87)
	at org.springframework.web.servlet.DispatcherServlet.doDispatch(DispatcherServlet.java:1040)
	at org.springframework.web.servlet.DispatcherServlet.doService(DispatcherServlet.java:943)
	at org.springframework.web.servlet.FrameworkServlet.processRequest(FrameworkServlet.java:1006)
	at org.springframework.web.servlet.FrameworkServlet.doPost(FrameworkServlet.java:909)
	at javax.servlet.http.HttpServlet.service(HttpServlet.java:660)
	at org.springframework.web.servlet.FrameworkServlet.service(FrameworkServlet.java:883)
	at javax.servlet.http.HttpServlet.service(HttpServlet.java:741)
	at org.apache.catalina.core.ApplicationFilterChain.internalDoFilter(ApplicationFilterChain.java:231)
	at org.apache.catalina.core.ApplicationFilterChain.doFilter(ApplicationFilterChain.java:166)
	at org.apache.tomcat.websocket.server.WsFilter.doFilter(WsFilter.java:53)
	at org.apache.catalina.core.ApplicationFilterChain.internalDoFilter(ApplicationFilterChain.java:193)
	at org.apache.catalina.core.ApplicationFilterChain.doFilter(ApplicationFilterChain.java:166)
	at org.springframework.web.filter.RequestContextFilter.doFilterInternal(RequestContextFilter.java:100)
	at org.springframework.web.filter.OncePerRequestFilter.doFilter(OncePerRequestFilter.java:119)
	at org.apache.catalina.core.ApplicationFilterChain.internalDoFilter(ApplicationFilterChain.java:193)
	at org.apache.catalina.core.ApplicationFilterChain.doFilter(ApplicationFilterChain.java:166)
	at org.springframework.web.filter.FormContentFilter.doFilterInternal(FormContentFilter.java:93)
	at org.springframework.web.filter.OncePerRequestFilter.doFilter(OncePerRequestFilter.java:119)
	at org.apache.catalina.core.ApplicationFilterChain.internalDoFilter(ApplicationFilterChain.java:193)
	at org.apache.catalina.core.ApplicationFilterChain.doFilter(ApplicationFilterChain.java:166)
	at org.springframework.web.filter.CharacterEncodingFilter.doFilterInternal(CharacterEncodingFilter.java:201)
	at org.springframework.web.filter.OncePerRequestFilter.doFilter(OncePerRequestFilter.java:119)
	at org.apache.catalina.core.ApplicationFilterChain.internalDoFilter(ApplicationFilterChain.java:193)
	at org.apache.catalina.core.ApplicationFilterChain.doFilter(ApplicationFilterChain.java:166)
	at org.apache.catalina.core.StandardWrapperValve.invoke(StandardWrapperValve.java:202)
	at org.apache.catalina.core.StandardContextValve.invoke(StandardContextValve.java:96)
	at org.apache.catalina.authenticator.AuthenticatorBase.invoke(AuthenticatorBase.java:526)
	at org.apache.catalina.core.StandardHostValve.invoke(StandardHostValve.java:139)
	at org.apache.catalina.valves.ErrorReportValve.invoke(ErrorReportValve.java:92)
	at org.apache.catalina.core.StandardEngineValve.invoke(StandardEngineValve.java:74)
	at org.apache.catalina.connector.CoyoteAdapter.service(CoyoteAdapter.java:343)
	at org.apache.coyote.http11.Http11Processor.service(Http11Processor.java:408)
	at org.apache.coyote.AbstractProcessorLight.process(AbstractProcessorLight.java:66)
	at org.apache.coyote.AbstractProtocol$ConnectionHandler.process(AbstractProtocol.java:861)
	at org.apache.tomcat.util.net.NioEndpoint$SocketProcessor.doRun(NioEndpoint.java:1579)
	at org.apache.tomcat.util.net.SocketProcessorBase.run(SocketProcessorBase.java:49)
	at java.base/java.util.concurrent.ThreadPoolExecutor.runWorker(ThreadPoolExecutor.java:1135)
	at java.base/java.util.concurrent.ThreadPoolExecutor$Worker.run(ThreadPoolExecutor.java:635)
	at org.apache.tomcat.util.threads.TaskThread$WrappingRunnable.run(TaskThread.java:61)
	at java.base/java.lang.Thread.run(Thread.java:844)
2020-03-21 15:36:50.253 [http-nio-6868-exec-7] INFO  cn.api.controller.UserController - cookies验证通过
2020-03-21 15:36:50.302 [http-nio-6868-exec-7] INFO  cn.api.controller.UserController - 更新成功，更新数据为1条
2020-03-21 15:36:50.809 [http-nio-6868-exec-8] INFO  cn.api.controller.UserController - cookies验证通过
2020-03-21 15:36:50.844 [http-nio-6868-exec-8] INFO  cn.api.controller.UserController - 可查询到1个用户
2020-03-21 15:36:51.413 [http-nio-6868-exec-9] INFO  cn.api.controller.UserController - cookies验证通过
2020-03-21 15:36:51.454 [http-nio-6868-exec-9] INFO  cn.api.controller.UserController - 可查询到1个用户
2020-03-21 15:38:21.666 [http-nio-6868-exec-1] INFO  cn.api.controller.UserController - 可查询到当前用户名:李燃
2020-03-21 15:38:21.863 [http-nio-6868-exec-2] INFO  cn.api.controller.UserController - 可查询到当前用户名:彭于晏
2020-03-21 15:38:21.931 [http-nio-6868-exec-3] INFO  cn.api.controller.UserController - 可查询到当前用户名:任嘉伦
2020-03-21 15:38:22.013 [http-nio-6868-exec-4] INFO  cn.api.controller.UserController - 康师傅：用户名密码不正确！
2020-03-21 15:38:22.055 [http-nio-6868-exec-5] INFO  cn.api.controller.UserController - cookies验证通过
2020-03-21 15:38:22.088 [http-nio-6868-exec-5] INFO  cn.api.controller.UserController - 新增用户：李敖成功！
2020-03-21 15:38:22.108 [http-nio-6868-exec-6] INFO  cn.api.controller.UserController - cookies验证通过
2020-03-21 15:38:22.152 [http-nio-6868-exec-6] INFO  cn.api.controller.UserController - 新增用户：李敖成功！
2020-03-21 15:38:23.420 [http-nio-6868-exec-7] INFO  cn.api.controller.UserController - cookies验证通过
2020-03-21 15:38:23.470 [http-nio-6868-exec-7] INFO  cn.api.controller.UserController - 更新成功，更新数据为1条
2020-03-21 15:38:23.857 [http-nio-6868-exec-8] INFO  cn.api.controller.UserController - cookies验证通过
2020-03-21 15:38:23.883 [http-nio-6868-exec-8] INFO  cn.api.controller.UserController - 可查询到1个用户
2020-03-21 15:38:24.302 [http-nio-6868-exec-9] INFO  cn.api.controller.UserController - cookies验证通过
2020-03-21 15:38:24.317 [http-nio-6868-exec-9] INFO  cn.api.controller.UserController - 可查询到1个用户
2020-03-21 15:42:28.741 [http-nio-6868-exec-1] INFO  cn.api.controller.UserController - 可查询到当前用户名:李燃
2020-03-21 15:42:28.883 [http-nio-6868-exec-2] INFO  cn.api.controller.UserController - 可查询到当前用户名:彭于晏
2020-03-21 15:42:28.947 [http-nio-6868-exec-3] INFO  cn.api.controller.UserController - 可查询到当前用户名:任嘉伦
2020-03-21 15:42:29.021 [http-nio-6868-exec-4] INFO  cn.api.controller.UserController - 康师傅：用户名密码不正确！
2020-03-21 15:42:29.050 [http-nio-6868-exec-5] INFO  cn.api.controller.UserController - cookies验证通过
2020-03-21 15:42:29.260 [http-nio-6868-exec-5] ERROR org.apache.catalina.core.ContainerBase.[Tomcat].[localhost].[/].[dispatcherServlet] - Servlet.service() for servlet [dispatcherServlet] in context with path [] threw exception [Request processing failed; nested exception is org.springframework.dao.DuplicateKeyException: 
### Error updating database.  Cause: java.sql.SQLIntegrityConstraintViolationException: Duplicate entry '20' for key 'user.PRIMARY'
### The error may exist in file [/Users/fanlilin/workspace/autoApiTest/AutoApiTestDemo/api/target/classes/mapper/mysql.xml]
### The error may involve cn.api.bean.addUser-Inline
### The error occurred while setting parameters
### SQL: insert into apiTest.user(id,username,password,email,create_time)             values (?,?,?,?,?);
### Cause: java.sql.SQLIntegrityConstraintViolationException: Duplicate entry '20' for key 'user.PRIMARY'
; Duplicate entry '20' for key 'user.PRIMARY'; nested exception is java.sql.SQLIntegrityConstraintViolationException: Duplicate entry '20' for key 'user.PRIMARY'] with root cause
java.sql.SQLIntegrityConstraintViolationException: Duplicate entry '20' for key 'user.PRIMARY'
	at com.mysql.cj.jdbc.exceptions.SQLError.createSQLException(SQLError.java:117)
	at com.mysql.cj.jdbc.exceptions.SQLError.createSQLException(SQLError.java:97)
	at com.mysql.cj.jdbc.exceptions.SQLExceptionsMapping.translateException(SQLExceptionsMapping.java:122)
	at com.mysql.cj.jdbc.ClientPreparedStatement.executeInternal(ClientPreparedStatement.java:955)
	at com.mysql.cj.jdbc.ClientPreparedStatement.execute(ClientPreparedStatement.java:372)
	at com.zaxxer.hikari.pool.ProxyPreparedStatement.execute(ProxyPreparedStatement.java:44)
	at com.zaxxer.hikari.pool.HikariProxyPreparedStatement.execute(HikariProxyPreparedStatement.java)
	at org.apache.ibatis.executor.statement.PreparedStatementHandler.update(PreparedStatementHandler.java:47)
	at org.apache.ibatis.executor.statement.RoutingStatementHandler.update(RoutingStatementHandler.java:74)
	at org.apache.ibatis.executor.SimpleExecutor.doUpdate(SimpleExecutor.java:50)
	at org.apache.ibatis.executor.BaseExecutor.update(BaseExecutor.java:117)
	at org.apache.ibatis.executor.CachingExecutor.update(CachingExecutor.java:76)
	at org.apache.ibatis.session.defaults.DefaultSqlSession.update(DefaultSqlSession.java:197)
	at org.apache.ibatis.session.defaults.DefaultSqlSession.insert(DefaultSqlSession.java:184)
	at java.base/jdk.internal.reflect.NativeMethodAccessorImpl.invoke0(Native Method)
	at java.base/jdk.internal.reflect.NativeMethodAccessorImpl.invoke(NativeMethodAccessorImpl.java:62)
	at java.base/jdk.internal.reflect.DelegatingMethodAccessorImpl.invoke(DelegatingMethodAccessorImpl.java:43)
	at java.base/java.lang.reflect.Method.invoke(Method.java:564)
	at org.mybatis.spring.SqlSessionTemplate$SqlSessionInterceptor.invoke(SqlSessionTemplate.java:433)
	at com.sun.proxy.$Proxy76.insert(Unknown Source)
	at org.mybatis.spring.SqlSessionTemplate.insert(SqlSessionTemplate.java:278)
	at cn.api.controller.UserController.addUser(UserController.java:57)
	at java.base/jdk.internal.reflect.NativeMethodAccessorImpl.invoke0(Native Method)
	at java.base/jdk.internal.reflect.NativeMethodAccessorImpl.invoke(NativeMethodAccessorImpl.java:62)
	at java.base/jdk.internal.reflect.DelegatingMethodAccessorImpl.invoke(DelegatingMethodAccessorImpl.java:43)
	at java.base/java.lang.reflect.Method.invoke(Method.java:564)
	at org.springframework.web.method.support.InvocableHandlerMethod.doInvoke(InvocableHandlerMethod.java:190)
	at org.springframework.web.method.support.InvocableHandlerMethod.invokeForRequest(InvocableHandlerMethod.java:138)
	at org.springframework.web.servlet.mvc.method.annotation.ServletInvocableHandlerMethod.invokeAndHandle(ServletInvocableHandlerMethod.java:106)
	at org.springframework.web.servlet.mvc.method.annotation.RequestMappingHandlerAdapter.invokeHandlerMethod(RequestMappingHandlerAdapter.java:888)
	at org.springframework.web.servlet.mvc.method.annotation.RequestMappingHandlerAdapter.handleInternal(RequestMappingHandlerAdapter.java:793)
	at org.springframework.web.servlet.mvc.method.AbstractHandlerMethodAdapter.handle(AbstractHandlerMethodAdapter.java:87)
	at org.springframework.web.servlet.DispatcherServlet.doDispatch(DispatcherServlet.java:1040)
	at org.springframework.web.servlet.DispatcherServlet.doService(DispatcherServlet.java:943)
	at org.springframework.web.servlet.FrameworkServlet.processRequest(FrameworkServlet.java:1006)
	at org.springframework.web.servlet.FrameworkServlet.doPost(FrameworkServlet.java:909)
	at javax.servlet.http.HttpServlet.service(HttpServlet.java:660)
	at org.springframework.web.servlet.FrameworkServlet.service(FrameworkServlet.java:883)
	at javax.servlet.http.HttpServlet.service(HttpServlet.java:741)
	at org.apache.catalina.core.ApplicationFilterChain.internalDoFilter(ApplicationFilterChain.java:231)
	at org.apache.catalina.core.ApplicationFilterChain.doFilter(ApplicationFilterChain.java:166)
	at org.apache.tomcat.websocket.server.WsFilter.doFilter(WsFilter.java:53)
	at org.apache.catalina.core.ApplicationFilterChain.internalDoFilter(ApplicationFilterChain.java:193)
	at org.apache.catalina.core.ApplicationFilterChain.doFilter(ApplicationFilterChain.java:166)
	at org.springframework.web.filter.RequestContextFilter.doFilterInternal(RequestContextFilter.java:100)
	at org.springframework.web.filter.OncePerRequestFilter.doFilter(OncePerRequestFilter.java:119)
	at org.apache.catalina.core.ApplicationFilterChain.internalDoFilter(ApplicationFilterChain.java:193)
	at org.apache.catalina.core.ApplicationFilterChain.doFilter(ApplicationFilterChain.java:166)
	at org.springframework.web.filter.FormContentFilter.doFilterInternal(FormContentFilter.java:93)
	at org.springframework.web.filter.OncePerRequestFilter.doFilter(OncePerRequestFilter.java:119)
	at org.apache.catalina.core.ApplicationFilterChain.internalDoFilter(ApplicationFilterChain.java:193)
	at org.apache.catalina.core.ApplicationFilterChain.doFilter(ApplicationFilterChain.java:166)
	at org.springframework.web.filter.CharacterEncodingFilter.doFilterInternal(CharacterEncodingFilter.java:201)
	at org.springframework.web.filter.OncePerRequestFilter.doFilter(OncePerRequestFilter.java:119)
	at org.apache.catalina.core.ApplicationFilterChain.internalDoFilter(ApplicationFilterChain.java:193)
	at org.apache.catalina.core.ApplicationFilterChain.doFilter(ApplicationFilterChain.java:166)
	at org.apache.catalina.core.StandardWrapperValve.invoke(StandardWrapperValve.java:202)
	at org.apache.catalina.core.StandardContextValve.invoke(StandardContextValve.java:96)
	at org.apache.catalina.authenticator.AuthenticatorBase.invoke(AuthenticatorBase.java:526)
	at org.apache.catalina.core.StandardHostValve.invoke(StandardHostValve.java:139)
	at org.apache.catalina.valves.ErrorReportValve.invoke(ErrorReportValve.java:92)
	at org.apache.catalina.core.StandardEngineValve.invoke(StandardEngineValve.java:74)
	at org.apache.catalina.connector.CoyoteAdapter.service(CoyoteAdapter.java:343)
	at org.apache.coyote.http11.Http11Processor.service(Http11Processor.java:408)
	at org.apache.coyote.AbstractProcessorLight.process(AbstractProcessorLight.java:66)
	at org.apache.coyote.AbstractProtocol$ConnectionHandler.process(AbstractProtocol.java:861)
	at org.apache.tomcat.util.net.NioEndpoint$SocketProcessor.doRun(NioEndpoint.java:1579)
	at org.apache.tomcat.util.net.SocketProcessorBase.run(SocketProcessorBase.java:49)
	at java.base/java.util.concurrent.ThreadPoolExecutor.runWorker(ThreadPoolExecutor.java:1135)
	at java.base/java.util.concurrent.ThreadPoolExecutor$Worker.run(ThreadPoolExecutor.java:635)
	at org.apache.tomcat.util.threads.TaskThread$WrappingRunnable.run(TaskThread.java:61)
	at java.base/java.lang.Thread.run(Thread.java:844)
2020-03-21 15:42:29.330 [http-nio-6868-exec-6] INFO  cn.api.controller.UserController - cookies验证通过
2020-03-21 15:42:29.360 [http-nio-6868-exec-6] ERROR org.apache.catalina.core.ContainerBase.[Tomcat].[localhost].[/].[dispatcherServlet] - Servlet.service() for servlet [dispatcherServlet] in context with path [] threw exception [Request processing failed; nested exception is org.springframework.dao.DuplicateKeyException: 
### Error updating database.  Cause: java.sql.SQLIntegrityConstraintViolationException: Duplicate entry '21' for key 'user.PRIMARY'
### The error may exist in file [/Users/fanlilin/workspace/autoApiTest/AutoApiTestDemo/api/target/classes/mapper/mysql.xml]
### The error may involve cn.api.bean.addUser-Inline
### The error occurred while setting parameters
### SQL: insert into apiTest.user(id,username,password,email,create_time)             values (?,?,?,?,?);
### Cause: java.sql.SQLIntegrityConstraintViolationException: Duplicate entry '21' for key 'user.PRIMARY'
; Duplicate entry '21' for key 'user.PRIMARY'; nested exception is java.sql.SQLIntegrityConstraintViolationException: Duplicate entry '21' for key 'user.PRIMARY'] with root cause
java.sql.SQLIntegrityConstraintViolationException: Duplicate entry '21' for key 'user.PRIMARY'
	at com.mysql.cj.jdbc.exceptions.SQLError.createSQLException(SQLError.java:117)
	at com.mysql.cj.jdbc.exceptions.SQLError.createSQLException(SQLError.java:97)
	at com.mysql.cj.jdbc.exceptions.SQLExceptionsMapping.translateException(SQLExceptionsMapping.java:122)
	at com.mysql.cj.jdbc.ClientPreparedStatement.executeInternal(ClientPreparedStatement.java:955)
	at com.mysql.cj.jdbc.ClientPreparedStatement.execute(ClientPreparedStatement.java:372)
	at com.zaxxer.hikari.pool.ProxyPreparedStatement.execute(ProxyPreparedStatement.java:44)
	at com.zaxxer.hikari.pool.HikariProxyPreparedStatement.execute(HikariProxyPreparedStatement.java)
	at org.apache.ibatis.executor.statement.PreparedStatementHandler.update(PreparedStatementHandler.java:47)
	at org.apache.ibatis.executor.statement.RoutingStatementHandler.update(RoutingStatementHandler.java:74)
	at org.apache.ibatis.executor.SimpleExecutor.doUpdate(SimpleExecutor.java:50)
	at org.apache.ibatis.executor.BaseExecutor.update(BaseExecutor.java:117)
	at org.apache.ibatis.executor.CachingExecutor.update(CachingExecutor.java:76)
	at org.apache.ibatis.session.defaults.DefaultSqlSession.update(DefaultSqlSession.java:197)
	at org.apache.ibatis.session.defaults.DefaultSqlSession.insert(DefaultSqlSession.java:184)
	at java.base/jdk.internal.reflect.NativeMethodAccessorImpl.invoke0(Native Method)
	at java.base/jdk.internal.reflect.NativeMethodAccessorImpl.invoke(NativeMethodAccessorImpl.java:62)
	at java.base/jdk.internal.reflect.DelegatingMethodAccessorImpl.invoke(DelegatingMethodAccessorImpl.java:43)
	at java.base/java.lang.reflect.Method.invoke(Method.java:564)
	at org.mybatis.spring.SqlSessionTemplate$SqlSessionInterceptor.invoke(SqlSessionTemplate.java:433)
	at com.sun.proxy.$Proxy76.insert(Unknown Source)
	at org.mybatis.spring.SqlSessionTemplate.insert(SqlSessionTemplate.java:278)
	at cn.api.controller.UserController.addUser(UserController.java:57)
	at java.base/jdk.internal.reflect.NativeMethodAccessorImpl.invoke0(Native Method)
	at java.base/jdk.internal.reflect.NativeMethodAccessorImpl.invoke(NativeMethodAccessorImpl.java:62)
	at java.base/jdk.internal.reflect.DelegatingMethodAccessorImpl.invoke(DelegatingMethodAccessorImpl.java:43)
	at java.base/java.lang.reflect.Method.invoke(Method.java:564)
	at org.springframework.web.method.support.InvocableHandlerMethod.doInvoke(InvocableHandlerMethod.java:190)
	at org.springframework.web.method.support.InvocableHandlerMethod.invokeForRequest(InvocableHandlerMethod.java:138)
	at org.springframework.web.servlet.mvc.method.annotation.ServletInvocableHandlerMethod.invokeAndHandle(ServletInvocableHandlerMethod.java:106)
	at org.springframework.web.servlet.mvc.method.annotation.RequestMappingHandlerAdapter.invokeHandlerMethod(RequestMappingHandlerAdapter.java:888)
	at org.springframework.web.servlet.mvc.method.annotation.RequestMappingHandlerAdapter.handleInternal(RequestMappingHandlerAdapter.java:793)
	at org.springframework.web.servlet.mvc.method.AbstractHandlerMethodAdapter.handle(AbstractHandlerMethodAdapter.java:87)
	at org.springframework.web.servlet.DispatcherServlet.doDispatch(DispatcherServlet.java:1040)
	at org.springframework.web.servlet.DispatcherServlet.doService(DispatcherServlet.java:943)
	at org.springframework.web.servlet.FrameworkServlet.processRequest(FrameworkServlet.java:1006)
	at org.springframework.web.servlet.FrameworkServlet.doPost(FrameworkServlet.java:909)
	at javax.servlet.http.HttpServlet.service(HttpServlet.java:660)
	at org.springframework.web.servlet.FrameworkServlet.service(FrameworkServlet.java:883)
	at javax.servlet.http.HttpServlet.service(HttpServlet.java:741)
	at org.apache.catalina.core.ApplicationFilterChain.internalDoFilter(ApplicationFilterChain.java:231)
	at org.apache.catalina.core.ApplicationFilterChain.doFilter(ApplicationFilterChain.java:166)
	at org.apache.tomcat.websocket.server.WsFilter.doFilter(WsFilter.java:53)
	at org.apache.catalina.core.ApplicationFilterChain.internalDoFilter(ApplicationFilterChain.java:193)
	at org.apache.catalina.core.ApplicationFilterChain.doFilter(ApplicationFilterChain.java:166)
	at org.springframework.web.filter.RequestContextFilter.doFilterInternal(RequestContextFilter.java:100)
	at org.springframework.web.filter.OncePerRequestFilter.doFilter(OncePerRequestFilter.java:119)
	at org.apache.catalina.core.ApplicationFilterChain.internalDoFilter(ApplicationFilterChain.java:193)
	at org.apache.catalina.core.ApplicationFilterChain.doFilter(ApplicationFilterChain.java:166)
	at org.springframework.web.filter.FormContentFilter.doFilterInternal(FormContentFilter.java:93)
	at org.springframework.web.filter.OncePerRequestFilter.doFilter(OncePerRequestFilter.java:119)
	at org.apache.catalina.core.ApplicationFilterChain.internalDoFilter(ApplicationFilterChain.java:193)
	at org.apache.catalina.core.ApplicationFilterChain.doFilter(ApplicationFilterChain.java:166)
	at org.springframework.web.filter.CharacterEncodingFilter.doFilterInternal(CharacterEncodingFilter.java:201)
	at org.springframework.web.filter.OncePerRequestFilter.doFilter(OncePerRequestFilter.java:119)
	at org.apache.catalina.core.ApplicationFilterChain.internalDoFilter(ApplicationFilterChain.java:193)
	at org.apache.catalina.core.ApplicationFilterChain.doFilter(ApplicationFilterChain.java:166)
	at org.apache.catalina.core.StandardWrapperValve.invoke(StandardWrapperValve.java:202)
	at org.apache.catalina.core.StandardContextValve.invoke(StandardContextValve.java:96)
	at org.apache.catalina.authenticator.AuthenticatorBase.invoke(AuthenticatorBase.java:526)
	at org.apache.catalina.core.StandardHostValve.invoke(StandardHostValve.java:139)
	at org.apache.catalina.valves.ErrorReportValve.invoke(ErrorReportValve.java:92)
	at org.apache.catalina.core.StandardEngineValve.invoke(StandardEngineValve.java:74)
	at org.apache.catalina.connector.CoyoteAdapter.service(CoyoteAdapter.java:343)
	at org.apache.coyote.http11.Http11Processor.service(Http11Processor.java:408)
	at org.apache.coyote.AbstractProcessorLight.process(AbstractProcessorLight.java:66)
	at org.apache.coyote.AbstractProtocol$ConnectionHandler.process(AbstractProtocol.java:861)
	at org.apache.tomcat.util.net.NioEndpoint$SocketProcessor.doRun(NioEndpoint.java:1579)
	at org.apache.tomcat.util.net.SocketProcessorBase.run(SocketProcessorBase.java:49)
	at java.base/java.util.concurrent.ThreadPoolExecutor.runWorker(ThreadPoolExecutor.java:1135)
	at java.base/java.util.concurrent.ThreadPoolExecutor$Worker.run(ThreadPoolExecutor.java:635)
	at org.apache.tomcat.util.threads.TaskThread$WrappingRunnable.run(TaskThread.java:61)
	at java.base/java.lang.Thread.run(Thread.java:844)
2020-03-21 15:42:30.692 [http-nio-6868-exec-7] INFO  cn.api.controller.UserController - cookies验证通过
2020-03-21 15:42:30.739 [http-nio-6868-exec-7] INFO  cn.api.controller.UserController - 更新成功，更新数据为1条
2020-03-21 15:42:32.080 [http-nio-6868-exec-8] INFO  cn.api.controller.UserController - cookies验证通过
2020-03-21 15:42:32.142 [http-nio-6868-exec-8] INFO  cn.api.controller.UserController - 可查询到1个用户
2020-03-21 15:42:32.867 [http-nio-6868-exec-9] INFO  cn.api.controller.UserController - cookies验证通过
2020-03-21 15:42:32.904 [http-nio-6868-exec-9] INFO  cn.api.controller.UserController - 可查询到1个用户
2020-03-21 15:47:47.809 [http-nio-6868-exec-1] INFO  cn.api.controller.UserController - 可查询到当前用户名:李燃
2020-03-21 15:47:47.962 [http-nio-6868-exec-2] INFO  cn.api.controller.UserController - 可查询到当前用户名:彭于晏
2020-03-21 15:47:48.053 [http-nio-6868-exec-3] INFO  cn.api.controller.UserController - 可查询到当前用户名:任嘉伦
2020-03-21 15:47:48.176 [http-nio-6868-exec-4] INFO  cn.api.controller.UserController - 康师傅：用户名密码不正确！
2020-03-21 15:47:48.206 [http-nio-6868-exec-5] INFO  cn.api.controller.UserController - cookies验证通过
2020-03-21 15:47:48.308 [http-nio-6868-exec-5] INFO  cn.api.controller.UserController - 新增用户：李敖成功！
2020-03-21 15:47:48.363 [http-nio-6868-exec-6] INFO  cn.api.controller.UserController - cookies验证通过
2020-03-21 15:47:48.498 [http-nio-6868-exec-6] INFO  cn.api.controller.UserController - 新增用户：李敖成功！
2020-03-21 15:47:50.380 [http-nio-6868-exec-7] INFO  cn.api.controller.UserController - cookies验证通过
2020-03-21 15:47:50.426 [http-nio-6868-exec-7] INFO  cn.api.controller.UserController - 更新成功，更新数据为1条
2020-03-21 15:47:50.880 [http-nio-6868-exec-8] INFO  cn.api.controller.UserController - cookies验证通过
2020-03-21 15:47:50.896 [http-nio-6868-exec-8] INFO  cn.api.controller.UserController - 可查询到1个用户
2020-03-21 15:47:51.474 [http-nio-6868-exec-9] INFO  cn.api.controller.UserController - cookies验证通过
2020-03-21 15:47:51.502 [http-nio-6868-exec-9] INFO  cn.api.controller.UserController - 可查询到1个用户
2020-03-21 15:49:26.817 [http-nio-6868-exec-1] INFO  cn.api.controller.UserController - 可查询到当前用户名:李燃
2020-03-21 15:49:26.914 [http-nio-6868-exec-2] INFO  cn.api.controller.UserController - 可查询到当前用户名:彭于晏
2020-03-21 15:49:26.966 [http-nio-6868-exec-3] INFO  cn.api.controller.UserController - 可查询到当前用户名:任嘉伦
2020-03-21 15:49:27.022 [http-nio-6868-exec-4] INFO  cn.api.controller.UserController - 康师傅：用户名密码不正确！
2020-03-21 15:49:27.067 [http-nio-6868-exec-5] INFO  cn.api.controller.UserController - cookies验证通过
2020-03-21 15:49:27.288 [http-nio-6868-exec-5] INFO  cn.api.controller.UserController - 新增用户：李敖成功！
2020-03-21 15:49:27.304 [http-nio-6868-exec-6] INFO  cn.api.controller.UserController - cookies验证通过
2020-03-21 15:49:27.343 [http-nio-6868-exec-6] INFO  cn.api.controller.UserController - 新增用户：李敖成功！
2020-03-21 15:49:28.534 [http-nio-6868-exec-7] INFO  cn.api.controller.UserController - cookies验证通过
2020-03-21 15:49:28.580 [http-nio-6868-exec-7] INFO  cn.api.controller.UserController - 更新成功，更新数据为1条
2020-03-21 15:49:28.966 [http-nio-6868-exec-8] INFO  cn.api.controller.UserController - cookies验证通过
2020-03-21 15:49:28.984 [http-nio-6868-exec-8] INFO  cn.api.controller.UserController - 可查询到1个用户
2020-03-21 15:49:29.444 [http-nio-6868-exec-9] INFO  cn.api.controller.UserController - cookies验证通过
2020-03-21 15:49:29.462 [http-nio-6868-exec-9] INFO  cn.api.controller.UserController - 可查询到1个用户
2020-03-21 15:51:06.528 [http-nio-6868-exec-1] INFO  cn.api.controller.UserController - 可查询到当前用户名:李燃
2020-03-21 15:51:06.697 [http-nio-6868-exec-2] INFO  cn.api.controller.UserController - 可查询到当前用户名:彭于晏
2020-03-21 15:51:06.785 [http-nio-6868-exec-3] INFO  cn.api.controller.UserController - 可查询到当前用户名:任嘉伦
2020-03-21 15:51:06.878 [http-nio-6868-exec-4] INFO  cn.api.controller.UserController - 康师傅：用户名密码不正确！
2020-03-21 15:51:06.920 [http-nio-6868-exec-5] INFO  cn.api.controller.UserController - cookies验证通过
2020-03-21 15:51:06.957 [http-nio-6868-exec-5] INFO  cn.api.controller.UserController - 新增用户：李敖成功！
2020-03-21 15:51:06.999 [http-nio-6868-exec-6] INFO  cn.api.controller.UserController - cookies验证通过
2020-03-21 15:51:07.216 [http-nio-6868-exec-6] INFO  cn.api.controller.UserController - 新增用户：李敖成功！
2020-03-21 15:51:08.421 [http-nio-6868-exec-7] INFO  cn.api.controller.UserController - cookies验证通过
2020-03-21 15:51:08.462 [http-nio-6868-exec-7] INFO  cn.api.controller.UserController - 更新成功，更新数据为1条
2020-03-21 15:51:08.861 [http-nio-6868-exec-8] INFO  cn.api.controller.UserController - cookies验证通过
2020-03-21 15:51:08.882 [http-nio-6868-exec-8] INFO  cn.api.controller.UserController - 可查询到1个用户
2020-03-21 15:51:09.401 [http-nio-6868-exec-9] INFO  cn.api.controller.UserController - cookies验证通过
2020-03-21 15:51:09.433 [http-nio-6868-exec-9] INFO  cn.api.controller.UserController - 可查询到1个用户
2020-03-21 15:57:42.994 [SpringContextShutdownHook] INFO  org.springframework.scheduling.concurrent.ThreadPoolTaskScheduler - Shutting down ExecutorService 'taskScheduler'
2020-03-21 15:57:43.037 [SpringContextShutdownHook] INFO  org.springframework.scheduling.concurrent.ThreadPoolTaskExecutor - Shutting down ExecutorService 'applicationTaskExecutor'
2020-03-21 15:57:43.045 [SpringContextShutdownHook] INFO  com.zaxxer.hikari.HikariDataSource - HikariPool-1 - Shutdown initiated...
2020-03-21 15:57:43.108 [SpringContextShutdownHook] INFO  com.zaxxer.hikari.HikariDataSource - HikariPool-1 - Shutdown completed.
