2020-03-12 09:58:49.768 [SpringContextShutdownHook] INFO  org.springframework.scheduling.concurrent.ThreadPoolTaskScheduler - Shutting down ExecutorService 'taskScheduler'
2020-03-12 09:58:49.779 [SpringContextShutdownHook] INFO  org.springframework.scheduling.concurrent.ThreadPoolTaskExecutor - Shutting down ExecutorService 'applicationTaskExecutor'
2020-03-12 09:58:49.785 [SpringContextShutdownHook] INFO  com.zaxxer.hikari.HikariDataSource - HikariPool-1 - Shutdown initiated...
2020-03-12 09:58:49.821 [SpringContextShutdownHook] INFO  com.zaxxer.hikari.HikariDataSource - HikariPool-1 - Shutdown completed.
2020-03-12 10:00:04.435 [main] INFO  cn.Application - Starting Application on xjtdeMBP.lan with PID 47892 (/Users/fanlilin/workspace/autoApiTest/AutoApiTestDemo/api/target/classes started by fanlilin in /Users/fanlilin/workspace/autoApiTest/AutoApiTestDemo)
2020-03-12 10:00:04.445 [main] INFO  cn.Application - No active profile set, falling back to default profiles: default
2020-03-12 10:00:06.478 [main] WARN  org.mybatis.spring.mapper.ClassPathMapperScanner - No MyBatis mapper was found in '[cn]' package. Please check your configuration.
2020-03-12 10:00:07.004 [main] INFO  org.springframework.context.support.PostProcessorRegistrationDelegate$BeanPostProcessorChecker - Bean 'org.springframework.transaction.annotation.ProxyTransactionManagementConfiguration' of type [org.springframework.transaction.annotation.ProxyTransactionManagementConfiguration] is not eligible for getting processed by all BeanPostProcessors (for example: not eligible for auto-proxying)
2020-03-12 10:00:07.762 [main] INFO  org.springframework.boot.web.embedded.tomcat.TomcatWebServer - Tomcat initialized with port(s): 6868 (http)
2020-03-12 10:00:07.779 [main] INFO  org.apache.coyote.http11.Http11NioProtocol - Initializing ProtocolHandler ["http-nio-6868"]
2020-03-12 10:00:07.779 [main] INFO  org.apache.catalina.core.StandardService - Starting service [Tomcat]
2020-03-12 10:00:07.780 [main] INFO  org.apache.catalina.core.StandardEngine - Starting Servlet engine: [Apache Tomcat/9.0.27]
2020-03-12 10:00:07.907 [main] INFO  org.apache.catalina.core.ContainerBase.[Tomcat].[localhost].[/] - Initializing Spring embedded WebApplicationContext
2020-03-12 10:00:07.908 [main] INFO  org.springframework.web.context.ContextLoader - Root WebApplicationContext: initialization completed in 3321 ms
2020-03-12 10:00:09.112 [main] INFO  springfox.documentation.spring.web.PropertySourcedRequestMappingHandlerMapping - Mapped URL path [/v2/api-docs] onto method [springfox.documentation.swagger2.web.Swagger2Controller#getDocumentation(String, HttpServletRequest)]
2020-03-12 10:00:09.311 [main] INFO  org.springframework.scheduling.concurrent.ThreadPoolTaskExecutor - Initializing ExecutorService 'applicationTaskExecutor'
2020-03-12 10:00:09.545 [main] INFO  org.springframework.scheduling.concurrent.ThreadPoolTaskScheduler - Initializing ExecutorService 'taskScheduler'
2020-03-12 10:00:09.599 [main] INFO  springfox.documentation.spring.web.plugins.DocumentationPluginsBootstrapper - Context refreshed
2020-03-12 10:00:09.629 [main] INFO  springfox.documentation.spring.web.plugins.DocumentationPluginsBootstrapper - Found 1 custom documentation plugin(s)
2020-03-12 10:00:09.673 [main] INFO  springfox.documentation.spring.web.scanners.ApiListingReferenceScanner - Scanning for api listing references
2020-03-12 10:00:11.084 [main] INFO  org.apache.coyote.http11.Http11NioProtocol - Starting ProtocolHandler ["http-nio-6868"]
2020-03-12 10:00:11.215 [main] INFO  org.springframework.boot.web.embedded.tomcat.TomcatWebServer - Tomcat started on port(s): 6868 (http) with context path ''
2020-03-12 10:00:11.225 [main] INFO  cn.Application - Started Application in 7.951 seconds (JVM running for 9.758)
2020-03-12 10:12:12.648 [http-nio-6868-exec-1] INFO  org.apache.catalina.core.ContainerBase.[Tomcat].[localhost].[/] - Initializing Spring DispatcherServlet 'dispatcherServlet'
2020-03-12 10:12:12.649 [http-nio-6868-exec-1] INFO  org.springframework.web.servlet.DispatcherServlet - Initializing Servlet 'dispatcherServlet'
2020-03-12 10:12:12.666 [http-nio-6868-exec-1] INFO  org.springframework.web.servlet.DispatcherServlet - Completed initialization in 17 ms
2020-03-12 10:12:12.885 [http-nio-6868-exec-1] INFO  com.zaxxer.hikari.HikariDataSource - HikariPool-1 - Starting...
2020-03-12 10:12:13.449 [http-nio-6868-exec-1] INFO  com.zaxxer.hikari.HikariDataSource - HikariPool-1 - Start completed.
2020-03-12 10:12:13.609 [http-nio-6868-exec-1] INFO  cn.api.controller.UserController - 可查询到当前用户名:李燃
2020-03-12 10:12:13.831 [http-nio-6868-exec-2] INFO  cn.api.controller.UserController - 可查询到当前用户名:彭于晏
2020-03-12 10:12:14.089 [http-nio-6868-exec-3] INFO  cn.api.controller.UserController - 可查询到当前用户名:任嘉伦
2020-03-12 11:12:08.700 [http-nio-6868-exec-1] INFO  cn.api.controller.UserController - 可查询到当前用户名:李燃
2020-03-12 11:12:08.815 [http-nio-6868-exec-2] INFO  cn.api.controller.UserController - 可查询到当前用户名:彭于晏
2020-03-12 11:12:08.936 [http-nio-6868-exec-3] INFO  cn.api.controller.UserController - 可查询到当前用户名:任嘉伦
2020-03-12 11:13:11.205 [SpringContextShutdownHook] INFO  org.springframework.scheduling.concurrent.ThreadPoolTaskScheduler - Shutting down ExecutorService 'taskScheduler'
2020-03-12 11:13:11.208 [SpringContextShutdownHook] INFO  org.springframework.scheduling.concurrent.ThreadPoolTaskExecutor - Shutting down ExecutorService 'applicationTaskExecutor'
2020-03-12 11:13:11.212 [SpringContextShutdownHook] INFO  com.zaxxer.hikari.HikariDataSource - HikariPool-1 - Shutdown initiated...
2020-03-12 11:13:11.223 [SpringContextShutdownHook] INFO  com.zaxxer.hikari.HikariDataSource - HikariPool-1 - Shutdown completed.
